\BOOKMARK [0][-]{Doc-Start}{Acknowledgments}{}% 1
\BOOKMARK [0][-]{chapter*.1}{Abstract}{}% 2
\BOOKMARK [0][-]{toc.0}{Contents}{}% 3
\BOOKMARK [0][-]{chapter.1}{Introduction}{}% 4
\BOOKMARK [0][-]{chapter.2}{Background}{}% 5
\BOOKMARK [1][-]{section.2.1}{LAIK}{chapter.2}% 6
\BOOKMARK [2][-]{subsection.2.1.1}{Action Sequences}{section.2.1}% 7
\BOOKMARK [2][-]{subsection.2.1.2}{Backend Interface}{section.2.1}% 8
\BOOKMARK [2][-]{subsection.2.1.3}{Data Storage}{section.2.1}% 9
\BOOKMARK [1][-]{section.2.2}{Inter Process Communication}{chapter.2}% 10
\BOOKMARK [2][-]{subsection.2.2.1}{Shared memory}{section.2.2}% 11
\BOOKMARK [2][-]{subsection.2.2.2}{Semaphores}{section.2.2}% 12
\BOOKMARK [0][-]{chapter.3}{Design}{}% 13
\BOOKMARK [1][-]{section.3.1}{Architecture}{chapter.3}% 14
\BOOKMARK [2][-]{subsection.3.1.1}{Initialization}{section.3.1}% 15
\BOOKMARK [2][-]{subsection.3.1.2}{Data Transport}{section.3.1}% 16
\BOOKMARK [1][-]{section.3.2}{Secondary Backend Functionality}{chapter.3}% 17
\BOOKMARK [2][-]{subsection.3.2.1}{Integration With Other Backends}{section.3.2}% 18
\BOOKMARK [2][-]{subsection.3.2.2}{Action Substitution}{section.3.2}% 19
\BOOKMARK [1][-]{section.3.3}{Standalone Version}{chapter.3}% 20
\BOOKMARK [0][-]{chapter.4}{Implementation}{}% 21
\BOOKMARK [0][-]{chapter.5}{Performance Analysis}{}% 22
\BOOKMARK [1][-]{section.5.1}{Setup}{chapter.5}% 23
\BOOKMARK [1][-]{section.5.2}{Results}{chapter.5}% 24
\BOOKMARK [0][-]{chapter.6}{Experiences}{}% 25
\BOOKMARK [0][-]{chapter.7}{Summary and Outlook}{}% 26
\BOOKMARK [0][-]{chapter*.6}{List of Figures}{}% 27
\BOOKMARK [0][-]{chapter*.7}{List of Tables}{}% 28
\BOOKMARK [0][-]{chapter*.8}{Bibliography}{}% 29
