This is pdfTeX, Version 3.141592653-2.6-1.40.24 (MiKTeX 22.7.26) (preloaded format=pdflatex 2022.7.30)  15 SEP 2022 03:28
entering extended mode
 restricted \write18 enabled.
 %&-line parsing enabled.
**"./Bachelor Thesis Robert Hubinger.tex"
(Bachelor Thesis Robert Hubinger.tex
LaTeX2e <2022-06-01> patch level 5
L3 programming layer <2022-07-15>
(C:\Users\rhubi\AppData\Local\Programs\MiKTeX 2.9\tex/latex/nag\nag.sty
Package: nag 2011/11/25 0.7 warning about old commands (ulmi)
\c@nag@c=\count185
\c@nag@sins=\count186
Package nag Info: Loaded nag-l2tabu.cfg  on input line 552.

(C:\Users\rhubi\AppData\Local\Programs\MiKTeX 2.9\tex/latex/nag\nag-l2tabu.cfg
File: nag-l2tabu.cfg 2010/05/17 v2.11 l2tabu rules for nag.sty (ulmi)
)
Package nag Info: Loaded nag-orthodox.cfg  on input line 552.

(C:\Users\rhubi\AppData\Local\Programs\MiKTeX 2.9\tex/latex/nag\nag-orthodox.cf
g
File: nag-orthodox.cfg 2006/04/19 v1.8 strict rules for nag.sty (ulmi)
))
(C:\Users\rhubi\AppData\Local\Programs\MiKTeX 2.9\tex/latex/koma-script\scrbook
.cls
Document Class: scrbook 2022/07/04 v3.37 KOMA-Script document class (book)

(C:\Users\rhubi\AppData\Local\Programs\MiKTeX 2.9\tex/latex/koma-script\scrkbas
e.sty
Package: scrkbase 2022/07/04 v3.37 KOMA-Script package (KOMA-Script-dependent b
asics and keyval usage)

(C:\Users\rhubi\AppData\Local\Programs\MiKTeX 2.9\tex/latex/koma-script\scrbase
.sty
Package: scrbase 2022/07/04 v3.37 KOMA-Script package (KOMA-Script-independent 
basics and keyval usage)

(C:\Users\rhubi\AppData\Local\Programs\MiKTeX 2.9\tex/latex/koma-script\scrlfil
e.sty
Package: scrlfile 2022/07/04 v3.37 KOMA-Script package (file load hooks)

(C:\Users\rhubi\AppData\Local\Programs\MiKTeX 2.9\tex/latex/koma-script\scrlfil
e-hook.sty
Package: scrlfile-hook 2022/07/04 v3.37 KOMA-Script package (using LaTeX hooks)


(C:\Users\rhubi\AppData\Local\Programs\MiKTeX 2.9\tex/latex/koma-script\scrlogo
.sty
Package: scrlogo 2022/07/04 v3.37 KOMA-Script package (logo)
)))
(C:\Users\rhubi\AppData\Local\Programs\MiKTeX 2.9\tex/latex/graphics\keyval.sty
Package: keyval 2022/05/29 v1.15 key=value parser (DPC)
\KV@toks@=\toks16
)
Applying: [2021/05/01] Usage of raw or classic option list on input line 252.
Already applied: [0000/00/00] Usage of raw or classic option list on input line
 368.
))
(C:\Users\rhubi\AppData\Local\Programs\MiKTeX 2.9\tex/latex/koma-script\tocbasi
c.sty
Package: tocbasic 2022/07/04 v3.37 KOMA-Script package (handling toc-files)
\scr@dte@tocline@numberwidth=\skip47
\scr@dte@tocline@numbox=\box51
)
Package tocbasic Info: babel extension for `toc' omitted
(tocbasic)             because of missing \bbl@set@language on input line 137.
Class scrbook Info: You've used standard option `oneside'.
(scrbook)           This is correct!
(scrbook)           Internally I'm using `twoside=false'.
(scrbook)           If you'd like to set the option with \KOMAoptions,
(scrbook)           you'd have to use `twoside=false' there
(scrbook)           instead of `oneside', too.
Class scrbook Info: File `scrsize11pt.clo' used to setup font sizes on input li
ne 2569.

(C:\Users\rhubi\AppData\Local\Programs\MiKTeX 2.9\tex/latex/koma-script\scrsize
11pt.clo
File: scrsize11pt.clo 2022/07/04 v3.37 KOMA-Script font size class option (11pt
)
)
(C:\Users\rhubi\AppData\Local\Programs\MiKTeX 2.9\tex/latex/koma-script\typeare
a.sty
Package: typearea 2022/07/04 v3.37 KOMA-Script package (type area)
\ta@bcor=\skip48
\ta@div=\count187
Package typearea Info: You've used standard option `oneside'.
(typearea)             This is correct!
(typearea)             Internally I'm using `twoside=false'.
(typearea)             If you'd like to set the option with \KOMAoptions,
(typearea)             you'd have to use `twoside=false' there
(typearea)             instead of `oneside', too.
\ta@hblk=\skip49
\ta@vblk=\skip50
\ta@temp=\skip51
\footheight=\skip52
Package typearea Info: These are the values describing the layout:
(typearea)             DIV  = 12
(typearea)             BCOR = 0.0pt
(typearea)             \paperwidth      = 597.50793pt
(typearea)              \textwidth      = 448.13095pt
(typearea)              DIV departure   = -14%
(typearea)              \evensidemargin = 2.4185pt
(typearea)              \oddsidemargin  = 2.4185pt
(typearea)             \paperheight     = 845.04694pt
(typearea)              \textheight     = 609.40027pt
(typearea)              \topmargin      = -1.84941pt
(typearea)              \headheight     = 17.0pt
(typearea)              \headsep        = 20.40001pt
(typearea)              \topskip        = 11.0pt
(typearea)              \footskip       = 47.6pt
(typearea)              \baselineskip   = 13.6pt
(typearea)              on input line 1766.
)
\c@part=\count188
\c@chapter=\count189
\c@section=\count190
\c@subsection=\count191
\c@subsubsection=\count192
\c@paragraph=\count193
\c@subparagraph=\count194
\scr@dte@chapter@maxnumwidth=\skip53
Class scrbook Info: using compatibility default `afterindent=bysign'
(scrbook)           for `\chapter on input line 5801.
\scr@dte@section@maxnumwidth=\skip54
Class scrbook Info: using compatibility default `runin=bysign'
(scrbook)           for `\section on input line 5812.
Class scrbook Info: using compatibility default `afterindent=bysign'
(scrbook)           for `\section on input line 5812.
\scr@dte@part@maxnumwidth=\skip55
Class scrbook Info: using compatibility default `afterindent=true'
(scrbook)           for `\part on input line 5821.
\scr@dte@subsection@maxnumwidth=\skip56
Class scrbook Info: using compatibility default `runin=bysign'
(scrbook)           for `\subsection on input line 5831.
Class scrbook Info: using compatibility default `afterindent=bysign'
(scrbook)           for `\subsection on input line 5831.
\scr@dte@subsubsection@maxnumwidth=\skip57
Class scrbook Info: using compatibility default `runin=bysign'
(scrbook)           for `\subsubsection on input line 5841.
Class scrbook Info: using compatibility default `afterindent=bysign'
(scrbook)           for `\subsubsection on input line 5841.
\scr@dte@paragraph@maxnumwidth=\skip58
Class scrbook Info: using compatibility default `runin=bysign'
(scrbook)           for `\paragraph on input line 5852.
Class scrbook Info: using compatibility default `afterindent=bysign'
(scrbook)           for `\paragraph on input line 5852.
\scr@dte@subparagraph@maxnumwidth=\skip59
Class scrbook Info: using compatibility default `runin=bysign'
(scrbook)           for `\subparagraph on input line 5862.
Class scrbook Info: using compatibility default `afterindent=bysign'
(scrbook)           for `\subparagraph on input line 5862.
\abovecaptionskip=\skip60
\belowcaptionskip=\skip61
\c@pti@nb@sid@b@x=\box52
Package tocbasic Info: babel extension for `lof' omitted
(tocbasic)             because of missing \bbl@set@language on input line 7033.

\scr@dte@figure@maxnumwidth=\skip62
\c@figure=\count195
Package tocbasic Info: babel extension for `lot' omitted
(tocbasic)             because of missing \bbl@set@language on input line 7050.

\scr@dte@table@maxnumwidth=\skip63
\c@table=\count196
Class scrbook Info: Redefining `\numberline' on input line 7221.
\bibindent=\dimen138
) (settings.tex
(C:\Users\rhubi\AppData\Local\Programs\MiKTeX 2.9\tex/latex/base\inputenc.sty
Package: inputenc 2021/02/14 v1.3d Input encoding file
\inpenc@prehook=\toks17
\inpenc@posthook=\toks18
)
(C:\Users\rhubi\AppData\Local\Programs\MiKTeX 2.9\tex/latex/base\fontenc.sty
Package: fontenc 2021/04/29 v2.0v Standard LaTeX package
)
(C:\Users\rhubi\AppData\Local\Programs\MiKTeX 2.9\tex/latex/psnfss\mathpazo.sty
Package: mathpazo 2020/03/25 PSNFSS-v9.3 Palatino w/ Pazo Math (D.Puga, WaS) 
\symupright=\mathgroup4
) (C:\Users\rhubi\AppData\Local\Programs\MiKTeX 2.9\tex/generic/babel\babel.sty
Package: babel 2022/07/20 3.78 The Babel package
\babel@savecnt=\count197
\U@D=\dimen139
\l@unhyphenated=\language84

(C:\Users\rhubi\AppData\Local\Programs\MiKTeX 2.9\tex/generic/babel\txtbabel.de
f)
\bbl@readstream=\read2
\bbl@dirlevel=\count198

*************************************
* Local config file bblopts.cfg used
*
(C:\Users\rhubi\AppData\Local\Programs\MiKTeX 2.9\tex/latex/arabi\bblopts.cfg
File: bblopts.cfg 2005/09/08 v0.1 add Arabic and Farsi to "declared" options of
 babel
)
(C:\Users\rhubi\AppData\Local\Programs\MiKTeX 2.9\tex/latex/babel-german\ngerma
n.ldf
Language: ngerman 2021/02/27 v2.13 German support for babel (post-1996 orthogra
phy)

(C:\Users\rhubi\AppData\Local\Programs\MiKTeX 2.9\tex/latex/babel-german\ngerma
nb.ldf
Language: ngermanb 2021/02/27 v2.13 German support for babel (post-1996 orthogr
aphy)
Package babel Info: Making " an active character on input line 122.
))
(C:\Users\rhubi\AppData\Local\Programs\MiKTeX 2.9\tex/latex/babel-english\engli
sh.ldf
Language: english 2017/06/06 v3.3r English support from the babel system
Package babel Info: Hyphen rules for 'canadian' set to \l@english
(babel)             (\language0). Reported on input line 102.
Package babel Info: Hyphen rules for 'australian' set to \l@ukenglish
(babel)             (\language78). Reported on input line 105.
Package babel Info: Hyphen rules for 'newzealand' set to \l@ukenglish
(babel)             (\language78). Reported on input line 108.
))
(C:\Users\rhubi\AppData\Local\Programs\MiKTeX 2.9\tex/generic/babel/locale/en\b
abel-english.tex
Package babel Info: Importing font and identification data for english
(babel)             from babel-en.ini. Reported on input line 11.
)
(C:\Users\rhubi\AppData\Local\Programs\MiKTeX 2.9\tex/generic/babel/locale/de\b
abel-ngerman.tex
Package babel Info: Importing font and identification data for ngerman
(babel)             from babel-de.ini. Reported on input line 11.
)
(C:\Users\rhubi\AppData\Local\Programs\MiKTeX 2.9\tex/latex/csquotes\csquotes.s
ty
Package: csquotes 2021-02-22 v5.2l context-sensitive quotations (JAW)

(C:\Users\rhubi\AppData\Local\Programs\MiKTeX 2.9\tex/latex/etoolbox\etoolbox.s
ty
Package: etoolbox 2020/10/05 v2.5k e-TeX tools for LaTeX (JAW)
\etb@tempcnta=\count199
)
\csq@reset=\count266
\csq@gtype=\count267
\csq@glevel=\count268
\csq@qlevel=\count269
\csq@maxlvl=\count270
\csq@tshold=\count271
\csq@ltx@everypar=\toks19

(C:\Users\rhubi\AppData\Local\Programs\MiKTeX 2.9\tex/latex/csquotes\csquotes.d
ef
File: csquotes.def 2021-02-22 v5.2l csquotes generic definitions (JAW)
)
Package csquotes Info: Trying to load configuration file 'csquotes.cfg'...
Package csquotes Info: ... configuration file loaded successfully.

(C:\Users\rhubi\AppData\Local\Programs\MiKTeX 2.9\tex/latex/csquotes\csquotes.c
fg
File: csquotes.cfg 
)
Package csquotes Info: Enabling multilingual quotes.
)
(C:\Users\rhubi\AppData\Local\Programs\MiKTeX 2.9\tex/latex/biblatex\biblatex.s
ty
Package: biblatex 2022/07/12 v3.18b programmable bibliographies (PK/MW)

(C:\Users\rhubi\AppData\Local\Programs\MiKTeX 2.9\tex/generic/pdftexcmds\pdftex
cmds.sty
Package: pdftexcmds 2020-06-27 v0.33 Utility functions of pdfTeX for LuaTeX (HO
)

(C:\Users\rhubi\AppData\Local\Programs\MiKTeX 2.9\tex/generic/infwarerr\infware
rr.sty
Package: infwarerr 2019/12/03 v1.5 Providing info/warning/error messages (HO)
)
(C:\Users\rhubi\AppData\Local\Programs\MiKTeX 2.9\tex/generic/iftex\iftex.sty
Package: iftex 2022/02/03 v1.0f TeX engine tests
)
(C:\Users\rhubi\AppData\Local\Programs\MiKTeX 2.9\tex/generic/ltxcmds\ltxcmds.s
ty
Package: ltxcmds 2020-05-10 v1.25 LaTeX kernel commands for general use (HO)
)
Package pdftexcmds Info: \pdf@primitive is available.
Package pdftexcmds Info: \pdf@ifprimitive is available.
Package pdftexcmds Info: \pdfdraftmode found.
)
(C:\Users\rhubi\AppData\Local\Programs\MiKTeX 2.9\tex/latex/kvoptions\kvoptions
.sty
Package: kvoptions 2022-06-15 v3.15 Key value format for package options (HO)

(C:\Users\rhubi\AppData\Local\Programs\MiKTeX 2.9\tex/generic/kvsetkeys\kvsetke
ys.sty
Package: kvsetkeys 2019/12/15 v1.18 Key value parser (HO)
))
(C:\Users\rhubi\AppData\Local\Programs\MiKTeX 2.9\tex/latex/logreq\logreq.sty
Package: logreq 2010/08/04 v1.0 xml request logger
\lrq@indent=\count272

(C:\Users\rhubi\AppData\Local\Programs\MiKTeX 2.9\tex/latex/logreq\logreq.def
File: logreq.def 2010/08/04 v1.0 logreq spec v1.0
)) (C:\Users\rhubi\AppData\Local\Programs\MiKTeX 2.9\tex/latex/base\ifthen.sty
Package: ifthen 2022/04/13 v1.1d Standard LaTeX ifthen package (DPC)
)
(C:\Users\rhubi\AppData\Local\Programs\MiKTeX 2.9\tex/latex/url\url.sty
\Urlmuskip=\muskip16
Package: url 2013/09/16  ver 3.4  Verb mode for urls, etc.
)
\c@tabx@nest=\count273
\c@listtotal=\count274
\c@listcount=\count275
\c@liststart=\count276
\c@liststop=\count277
\c@citecount=\count278
\c@citetotal=\count279
\c@multicitecount=\count280
\c@multicitetotal=\count281
\c@instcount=\count282
\c@maxnames=\count283
\c@minnames=\count284
\c@maxitems=\count285
\c@minitems=\count286
\c@citecounter=\count287
\c@maxcitecounter=\count288
\c@savedcitecounter=\count289
\c@uniquelist=\count290
\c@uniquename=\count291
\c@refsection=\count292
\c@refsegment=\count293
\c@maxextratitle=\count294
\c@maxextratitleyear=\count295
\c@maxextraname=\count296
\c@maxextradate=\count297
\c@maxextraalpha=\count298
\c@abbrvpenalty=\count299
\c@highnamepenalty=\count300
\c@lownamepenalty=\count301
\c@maxparens=\count302
\c@parenlevel=\count303
\blx@tempcnta=\count304
\blx@tempcntb=\count305
\blx@tempcntc=\count306
\c@blx@maxsection=\count307
\blx@maxsegment@0=\count308
\blx@notetype=\count309
\blx@parenlevel@text=\count310
\blx@parenlevel@foot=\count311
\blx@sectionciteorder@0=\count312
\blx@sectionciteorderinternal@0=\count313
\blx@entrysetcounter=\count314
\blx@biblioinstance=\count315
\labelnumberwidth=\skip64
\labelalphawidth=\skip65
\biblabelsep=\skip66
\bibitemsep=\skip67
\bibnamesep=\skip68
\bibinitsep=\skip69
\bibparsep=\skip70
\bibhang=\skip71
\blx@bcfin=\read3
\blx@bcfout=\write3
\blx@langwohyphens=\language85
\c@mincomprange=\count316
\c@maxcomprange=\count317
\c@mincompwidth=\count318
Package biblatex Info: Trying to load biblatex default data model...
Package biblatex Info: ... file 'blx-dm.def' found.

(C:\Users\rhubi\AppData\Local\Programs\MiKTeX 2.9\tex/latex/biblatex\blx-dm.def
File: blx-dm.def 2022/07/12 v3.18b biblatex localization (PK/MW)
)
Package biblatex Info: Trying to load biblatex style data model...
Package biblatex Info: ... file 'numeric.dbx' not found.
Package biblatex Info: Trying to load biblatex custom data model...
Package biblatex Info: ... file 'biblatex-dm.cfg' not found.
\c@afterword=\count319
\c@savedafterword=\count320
\c@annotator=\count321
\c@savedannotator=\count322
\c@author=\count323
\c@savedauthor=\count324
\c@bookauthor=\count325
\c@savedbookauthor=\count326
\c@commentator=\count327
\c@savedcommentator=\count328
\c@editor=\count329
\c@savededitor=\count330
\c@editora=\count331
\c@savededitora=\count332
\c@editorb=\count333
\c@savededitorb=\count334
\c@editorc=\count335
\c@savededitorc=\count336
\c@foreword=\count337
\c@savedforeword=\count338
\c@holder=\count339
\c@savedholder=\count340
\c@introduction=\count341
\c@savedintroduction=\count342
\c@namea=\count343
\c@savednamea=\count344
\c@nameb=\count345
\c@savednameb=\count346
\c@namec=\count347
\c@savednamec=\count348
\c@translator=\count349
\c@savedtranslator=\count350
\c@shortauthor=\count351
\c@savedshortauthor=\count352
\c@shorteditor=\count353
\c@savedshorteditor=\count354
\c@labelname=\count355
\c@savedlabelname=\count356
\c@institution=\count357
\c@savedinstitution=\count358
\c@lista=\count359
\c@savedlista=\count360
\c@listb=\count361
\c@savedlistb=\count362
\c@listc=\count363
\c@savedlistc=\count364
\c@listd=\count365
\c@savedlistd=\count366
\c@liste=\count367
\c@savedliste=\count368
\c@listf=\count369
\c@savedlistf=\count370
\c@location=\count371
\c@savedlocation=\count372
\c@organization=\count373
\c@savedorganization=\count374
\c@origlocation=\count375
\c@savedoriglocation=\count376
\c@origpublisher=\count377
\c@savedorigpublisher=\count378
\c@publisher=\count379
\c@savedpublisher=\count380
\c@language=\count381
\c@savedlanguage=\count382
\c@origlanguage=\count383
\c@savedoriglanguage=\count384
\c@pageref=\count385
\c@savedpageref=\count386
\shorthandwidth=\skip72
\shortjournalwidth=\skip73
\shortserieswidth=\skip74
\shorttitlewidth=\skip75
\shortauthorwidth=\skip76
\shorteditorwidth=\skip77
\locallabelnumberwidth=\skip78
\locallabelalphawidth=\skip79
\localshorthandwidth=\skip80
\localshortjournalwidth=\skip81
\localshortserieswidth=\skip82
\localshorttitlewidth=\skip83
\localshortauthorwidth=\skip84
\localshorteditorwidth=\skip85
Package biblatex Info: Trying to load compatibility code...
Package biblatex Info: ... file 'blx-compat.def' found.

(C:\Users\rhubi\AppData\Local\Programs\MiKTeX 2.9\tex/latex/biblatex\blx-compat
.def
File: blx-compat.def 2022/07/12 v3.18b biblatex compatibility (PK/MW)
)
Package biblatex Info: Trying to load BibTeX backend compatibility...
Package biblatex Info: ... file 'blx-bibtex.def' found.

(C:\Users\rhubi\AppData\Local\Programs\MiKTeX 2.9\tex/latex/biblatex\blx-bibtex
.def
File: blx-bibtex.def 2022/07/12 v3.18b biblatex compatibility (PK/MW)


Package biblatex Warning: Using fall-back BibTeX(8) backend:
(biblatex)                functionality may be reduced/unavailable.

)
Package biblatex Info: Trying to load generic definitions...
Package biblatex Info: ... file 'biblatex.def' found.

(C:\Users\rhubi\AppData\Local\Programs\MiKTeX 2.9\tex/latex/biblatex\biblatex.d
ef
File: biblatex.def 2022/07/12 v3.18b biblatex compatibility (PK/MW)
\c@textcitecount=\count387
\c@textcitetotal=\count388
\c@textcitemaxnames=\count389
\c@biburlbigbreakpenalty=\count390
\c@biburlbreakpenalty=\count391
\c@biburlnumpenalty=\count392
\c@biburlucpenalty=\count393
\c@biburllcpenalty=\count394
\biburlbigskip=\muskip17
\biburlnumskip=\muskip18
\biburlucskip=\muskip19
\biburllcskip=\muskip20
\c@smartand=\count395
)
Package biblatex Info: Trying to load bibliography style 'numeric'...
Package biblatex Info: ... file 'numeric.bbx' found.

(C:\Users\rhubi\AppData\Local\Programs\MiKTeX 2.9\tex/latex/biblatex/bbx\numeri
c.bbx
File: numeric.bbx 2022/07/12 v3.18b biblatex bibliography style (PK/MW)
Package biblatex Info: Trying to load bibliography style 'standard'...
Package biblatex Info: ... file 'standard.bbx' found.

(C:\Users\rhubi\AppData\Local\Programs\MiKTeX 2.9\tex/latex/biblatex/bbx\standa
rd.bbx
File: standard.bbx 2022/07/12 v3.18b biblatex bibliography style (PK/MW)
\c@bbx:relatedcount=\count396
\c@bbx:relatedtotal=\count397
))
Package biblatex Info: Trying to load citation style 'numeric'...
Package biblatex Info: ... file 'numeric.cbx' found.

(C:\Users\rhubi\AppData\Local\Programs\MiKTeX 2.9\tex/latex/biblatex/cbx\numeri
c.cbx
File: numeric.cbx 2022/07/12 v3.18b biblatex citation style (PK/MW)
Package biblatex Info: Redefining '\cite'.
Package biblatex Info: Redefining '\parencite'.
Package biblatex Info: Redefining '\footcite'.
Package biblatex Info: Redefining '\footcitetext'.
Package biblatex Info: Redefining '\smartcite'.
Package biblatex Info: Redefining '\supercite'.
Package biblatex Info: Redefining '\textcite'.
Package biblatex Info: Redefining '\textcites'.
Package biblatex Info: Redefining '\cites'.
Package biblatex Info: Redefining '\parencites'.
Package biblatex Info: Redefining '\smartcites'.
)
Package biblatex Info: Trying to load configuration file...
Package biblatex Info: ... file 'biblatex.cfg' found.

(C:\Users\rhubi\AppData\Local\Programs\MiKTeX 2.9\tex/latex/biblatex\biblatex.c
fg
File: biblatex.cfg 
)
Package biblatex Info: Input encoding 'utf8' detected.
Package biblatex Info: Document encoding is UTF8 ....

(C:\Users\rhubi\AppData\Local\Programs\MiKTeX 2.9\tex/latex/l3kernel\expl3.sty
Package: expl3 2022-07-15 L3 programming layer (loader) 

(C:\Users\rhubi\AppData\Local\Programs\MiKTeX 2.9\tex/latex/l3backend\l3backend
-pdftex.def
File: l3backend-pdftex.def 2022-07-01 L3 backend support: PDF output (pdfTeX)
\l__color_backend_stack_int=\count398
\l__pdf_internal_box=\box53
))
Package biblatex Info: ... and expl3
(biblatex)             2022-07-15 L3 programming layer (loader) 
(biblatex)             is new enough (at least 2020/04/06),
(biblatex)             setting 'casechanger=expl3'.

(C:\Users\rhubi\AppData\Local\Programs\MiKTeX 2.9\tex/latex/biblatex\blx-case-e
xpl3.sty
(C:\Users\rhubi\AppData\Local\Programs\MiKTeX 2.9\tex/latex/l3packages/xparse\x
parse.sty
Package: xparse 2022-06-22 L3 Experimental document command parser
)
Package: blx-case-expl3 2022/07/12 v3.18b expl3 case changing code for biblatex

))
(C:\Users\rhubi\AppData\Local\Programs\MiKTeX 2.9\tex/latex/graphics\graphicx.s
ty
Package: graphicx 2021/09/16 v1.2d Enhanced LaTeX Graphics (DPC,SPQR)

(C:\Users\rhubi\AppData\Local\Programs\MiKTeX 2.9\tex/latex/graphics\graphics.s
ty
Package: graphics 2022/03/10 v1.4e Standard LaTeX Graphics (DPC,SPQR)

(C:\Users\rhubi\AppData\Local\Programs\MiKTeX 2.9\tex/latex/graphics\trig.sty
Package: trig 2021/08/11 v1.11 sin cos tan (DPC)
)
(C:\Users\rhubi\AppData\Local\Programs\MiKTeX 2.9\tex/latex/graphics-cfg\graphi
cs.cfg
File: graphics.cfg 2016/06/04 v1.11 sample graphics configuration
)
Package graphics Info: Driver file: pdftex.def on input line 107.

(C:\Users\rhubi\AppData\Local\Programs\MiKTeX 2.9\tex/latex/graphics-def\pdftex
.def
File: pdftex.def 2020/10/05 v1.2a Graphics/color driver for pdftex
))
\Gin@req@height=\dimen140
\Gin@req@width=\dimen141
)
(C:\Users\rhubi\AppData\Local\Programs\MiKTeX 2.9\tex/latex/koma-script\scrhack
.sty
Package: scrhack 2022/07/04 v3.37 KOMA-Script package (hacking other packages)

(C:\Users\rhubi\AppData\Local\Programs\MiKTeX 2.9\tex/latex/xpatch\xpatch.sty
Package: xpatch 2020/03/25 v0.3a Extending etoolbox patching commands
))
(C:\Users\rhubi\AppData\Local\Programs\MiKTeX 2.9\tex/latex/listings\listings.s
ty
\lst@mode=\count399
\lst@gtempboxa=\box54
\lst@token=\toks20
\lst@length=\count400
\lst@currlwidth=\dimen142
\lst@column=\count401
\lst@pos=\count402
\lst@lostspace=\dimen143
\lst@width=\dimen144
\lst@newlines=\count403
\lst@lineno=\count404
\lst@maxwidth=\dimen145

(C:\Users\rhubi\AppData\Local\Programs\MiKTeX 2.9\tex/latex/listings\lstmisc.st
y
File: lstmisc.sty 2020/03/24 1.8d (Carsten Heinz)
\c@lstnumber=\count405
\lst@skipnumbers=\count406
\lst@framebox=\box55
)
(C:\Users\rhubi\AppData\Local\Programs\MiKTeX 2.9\tex/latex/listings\listings.c
fg
File: listings.cfg 2020/03/24 1.8d listings configuration
))
Package scrhack Info: loading listings hack on input line 21.

(C:\Users\rhubi\AppData\Local\Programs\MiKTeX 2.9\tex/latex/koma-script\listing
s.hak
File: listings.hak 2022/07/04 v3.37 KOMA-Script scrhack part (hacking package l
istings)
Package tocbasic Info: setting babel extension for `lol' on input line 143.
Package scrhack Info: redefining \lstlistoflistings on input line 143.
)
Package: listings 2020/03/24 1.8d (Carsten Heinz)

(C:\Users\rhubi\AppData\Local\Programs\MiKTeX 2.9\tex/latex/lstaddons\lstautogo
bble.sty
Package: lstautogobble 2012/05/03 v0.1 Implements 'autogobble' option for 'list
ings'
\lstag@spacecount=\count407
)
(C:\Users\rhubi\AppData\Local\Programs\MiKTeX 2.9\tex/latex/pgf/frontendlayer\t
ikz.sty
(C:\Users\rhubi\AppData\Local\Programs\MiKTeX 2.9\tex/latex/pgf/basiclayer\pgf.
sty
(C:\Users\rhubi\AppData\Local\Programs\MiKTeX 2.9\tex/latex/pgf/utilities\pgfrc
s.sty
(C:\Users\rhubi\AppData\Local\Programs\MiKTeX 2.9\tex/generic/pgf/utilities\pgf
util-common.tex
\pgfutil@everybye=\toks21
\pgfutil@tempdima=\dimen146
\pgfutil@tempdimb=\dimen147

(C:\Users\rhubi\AppData\Local\Programs\MiKTeX 2.9\tex/generic/pgf/utilities\pgf
util-common-lists.tex))
(C:\Users\rhubi\AppData\Local\Programs\MiKTeX 2.9\tex/generic/pgf/utilities\pgf
util-latex.def
\pgfutil@abb=\box56
)
(C:\Users\rhubi\AppData\Local\Programs\MiKTeX 2.9\tex/generic/pgf/utilities\pgf
rcs.code.tex
(C:\Users\rhubi\AppData\Local\Programs\MiKTeX 2.9\tex/generic/pgf\pgf.revision.
tex)
Package: pgfrcs 2021/05/15 v3.1.9a (3.1.9a)
))
Package: pgf 2021/05/15 v3.1.9a (3.1.9a)

(C:\Users\rhubi\AppData\Local\Programs\MiKTeX 2.9\tex/latex/pgf/basiclayer\pgfc
ore.sty
(C:\Users\rhubi\AppData\Local\Programs\MiKTeX 2.9\tex/latex/pgf/systemlayer\pgf
sys.sty
(C:\Users\rhubi\AppData\Local\Programs\MiKTeX 2.9\tex/generic/pgf/systemlayer\p
gfsys.code.tex
Package: pgfsys 2021/05/15 v3.1.9a (3.1.9a)

(C:\Users\rhubi\AppData\Local\Programs\MiKTeX 2.9\tex/generic/pgf/utilities\pgf
keys.code.tex
\pgfkeys@pathtoks=\toks22
\pgfkeys@temptoks=\toks23

(C:\Users\rhubi\AppData\Local\Programs\MiKTeX 2.9\tex/generic/pgf/utilities\pgf
keysfiltered.code.tex
\pgfkeys@tmptoks=\toks24
))
\pgf@x=\dimen148
\pgf@y=\dimen149
\pgf@xa=\dimen150
\pgf@ya=\dimen151
\pgf@xb=\dimen152
\pgf@yb=\dimen153
\pgf@xc=\dimen154
\pgf@yc=\dimen155
\pgf@xd=\dimen156
\pgf@yd=\dimen157
\w@pgf@writea=\write4
\r@pgf@reada=\read4
\c@pgf@counta=\count408
\c@pgf@countb=\count409
\c@pgf@countc=\count410
\c@pgf@countd=\count411
\t@pgf@toka=\toks25
\t@pgf@tokb=\toks26
\t@pgf@tokc=\toks27
\pgf@sys@id@count=\count412

(C:\Users\rhubi\AppData\Local\Programs\MiKTeX 2.9\tex/generic/pgf/systemlayer\p
gf.cfg
File: pgf.cfg 2021/05/15 v3.1.9a (3.1.9a)
)
Driver file for pgf: pgfsys-pdftex.def

(C:\Users\rhubi\AppData\Local\Programs\MiKTeX 2.9\tex/generic/pgf/systemlayer\p
gfsys-pdftex.def
File: pgfsys-pdftex.def 2021/05/15 v3.1.9a (3.1.9a)

(C:\Users\rhubi\AppData\Local\Programs\MiKTeX 2.9\tex/generic/pgf/systemlayer\p
gfsys-common-pdf.def
File: pgfsys-common-pdf.def 2021/05/15 v3.1.9a (3.1.9a)
)))
(C:\Users\rhubi\AppData\Local\Programs\MiKTeX 2.9\tex/generic/pgf/systemlayer\p
gfsyssoftpath.code.tex
File: pgfsyssoftpath.code.tex 2021/05/15 v3.1.9a (3.1.9a)
\pgfsyssoftpath@smallbuffer@items=\count413
\pgfsyssoftpath@bigbuffer@items=\count414
)
(C:\Users\rhubi\AppData\Local\Programs\MiKTeX 2.9\tex/generic/pgf/systemlayer\p
gfsysprotocol.code.tex
File: pgfsysprotocol.code.tex 2021/05/15 v3.1.9a (3.1.9a)
))
(C:\Users\rhubi\AppData\Local\Programs\MiKTeX 2.9\tex/latex/xcolor\xcolor.sty
Package: xcolor 2022/06/12 v2.14 LaTeX color extensions (UK)

(C:\Users\rhubi\AppData\Local\Programs\MiKTeX 2.9\tex/latex/graphics-cfg\color.
cfg
File: color.cfg 2016/01/02 v1.6 sample color configuration
)
Package xcolor Info: Driver file: pdftex.def on input line 227.

(C:\Users\rhubi\AppData\Local\Programs\MiKTeX 2.9\tex/latex/colortbl\colortbl.s
ty
Package: colortbl 2020/01/04 v1.0e Color table columns (DPC)
 (C:\Users\rhubi\AppData\Local\Programs\MiKTeX 2.9\tex/latex/tools\array.sty
Package: array 2021/10/04 v2.5f Tabular extension package (FMi)
\col@sep=\dimen158
\ar@mcellbox=\box57
\extrarowheight=\dimen159
\NC@list=\toks28
\extratabsurround=\skip86
\backup@length=\skip87
\ar@cellbox=\box58
)
\everycr=\toks29
\minrowclearance=\skip88
)
(C:\Users\rhubi\AppData\Local\Programs\MiKTeX 2.9\tex/latex-dev/graphics\mathco
lor.ltx)
\rownum=\count415
Package xcolor Info: Model `cmy' substituted by `cmy0' on input line 1353.
Package xcolor Info: Model `hsb' substituted by `rgb' on input line 1357.
Package xcolor Info: Model `RGB' extended on input line 1369.
Package xcolor Info: Model `HTML' substituted by `rgb' on input line 1371.
Package xcolor Info: Model `Hsb' substituted by `hsb' on input line 1372.
Package xcolor Info: Model `tHsb' substituted by `hsb' on input line 1373.
Package xcolor Info: Model `HSB' substituted by `hsb' on input line 1374.
Package xcolor Info: Model `Gray' substituted by `gray' on input line 1375.
Package xcolor Info: Model `wave' substituted by `hsb' on input line 1376.

(C:\Users\rhubi\AppData\Local\Programs\MiKTeX 2.9\tex/latex/graphics\dvipsnam.d
ef
File: dvipsnam.def 2016/06/17 v3.0m Driver-dependent file (DPC,SPQR)
)
(C:\Users\rhubi\AppData\Local\Programs\MiKTeX 2.9\tex/latex/xcolor\svgnam.def
File: svgnam.def 2022/06/12 v2.14 Predefined colors according to SVG 1.1 (UK)
))
(C:\Users\rhubi\AppData\Local\Programs\MiKTeX 2.9\tex/generic/pgf/basiclayer\pg
fcore.code.tex
Package: pgfcore 2021/05/15 v3.1.9a (3.1.9a)

(C:\Users\rhubi\AppData\Local\Programs\MiKTeX 2.9\tex/generic/pgf/math\pgfmath.
code.tex
(C:\Users\rhubi\AppData\Local\Programs\MiKTeX 2.9\tex/generic/pgf/math\pgfmathc
alc.code.tex
(C:\Users\rhubi\AppData\Local\Programs\MiKTeX 2.9\tex/generic/pgf/math\pgfmathu
til.code.tex)
(C:\Users\rhubi\AppData\Local\Programs\MiKTeX 2.9\tex/generic/pgf/math\pgfmathp
arser.code.tex
\pgfmath@dimen=\dimen160
\pgfmath@count=\count416
\pgfmath@box=\box59
\pgfmath@toks=\toks30
\pgfmath@stack@operand=\toks31
\pgfmath@stack@operation=\toks32
)
(C:\Users\rhubi\AppData\Local\Programs\MiKTeX 2.9\tex/generic/pgf/math\pgfmathf
unctions.code.tex
(C:\Users\rhubi\AppData\Local\Programs\MiKTeX 2.9\tex/generic/pgf/math\pgfmathf
unctions.basic.code.tex)
(C:\Users\rhubi\AppData\Local\Programs\MiKTeX 2.9\tex/generic/pgf/math\pgfmathf
unctions.trigonometric.code.tex)
(C:\Users\rhubi\AppData\Local\Programs\MiKTeX 2.9\tex/generic/pgf/math\pgfmathf
unctions.random.code.tex)
(C:\Users\rhubi\AppData\Local\Programs\MiKTeX 2.9\tex/generic/pgf/math\pgfmathf
unctions.comparison.code.tex)
(C:\Users\rhubi\AppData\Local\Programs\MiKTeX 2.9\tex/generic/pgf/math\pgfmathf
unctions.base.code.tex)
(C:\Users\rhubi\AppData\Local\Programs\MiKTeX 2.9\tex/generic/pgf/math\pgfmathf
unctions.round.code.tex)
(C:\Users\rhubi\AppData\Local\Programs\MiKTeX 2.9\tex/generic/pgf/math\pgfmathf
unctions.misc.code.tex)
(C:\Users\rhubi\AppData\Local\Programs\MiKTeX 2.9\tex/generic/pgf/math\pgfmathf
unctions.integerarithmetics.code.tex)))
(C:\Users\rhubi\AppData\Local\Programs\MiKTeX 2.9\tex/generic/pgf/math\pgfmathf
loat.code.tex
\c@pgfmathroundto@lastzeros=\count417
))
(C:\Users\rhubi\AppData\Local\Programs\MiKTeX 2.9\tex/generic/pgf/math\pgfint.c
ode.tex)
(C:\Users\rhubi\AppData\Local\Programs\MiKTeX 2.9\tex/generic/pgf/basiclayer\pg
fcorepoints.code.tex
File: pgfcorepoints.code.tex 2021/05/15 v3.1.9a (3.1.9a)
\pgf@picminx=\dimen161
\pgf@picmaxx=\dimen162
\pgf@picminy=\dimen163
\pgf@picmaxy=\dimen164
\pgf@pathminx=\dimen165
\pgf@pathmaxx=\dimen166
\pgf@pathminy=\dimen167
\pgf@pathmaxy=\dimen168
\pgf@xx=\dimen169
\pgf@xy=\dimen170
\pgf@yx=\dimen171
\pgf@yy=\dimen172
\pgf@zx=\dimen173
\pgf@zy=\dimen174
)
(C:\Users\rhubi\AppData\Local\Programs\MiKTeX 2.9\tex/generic/pgf/basiclayer\pg
fcorepathconstruct.code.tex
File: pgfcorepathconstruct.code.tex 2021/05/15 v3.1.9a (3.1.9a)
\pgf@path@lastx=\dimen175
\pgf@path@lasty=\dimen176
)
(C:\Users\rhubi\AppData\Local\Programs\MiKTeX 2.9\tex/generic/pgf/basiclayer\pg
fcorepathusage.code.tex
File: pgfcorepathusage.code.tex 2021/05/15 v3.1.9a (3.1.9a)
\pgf@shorten@end@additional=\dimen177
\pgf@shorten@start@additional=\dimen178
)
(C:\Users\rhubi\AppData\Local\Programs\MiKTeX 2.9\tex/generic/pgf/basiclayer\pg
fcorescopes.code.tex
File: pgfcorescopes.code.tex 2021/05/15 v3.1.9a (3.1.9a)
\pgfpic=\box60
\pgf@hbox=\box61
\pgf@layerbox@main=\box62
\pgf@picture@serial@count=\count418
)
(C:\Users\rhubi\AppData\Local\Programs\MiKTeX 2.9\tex/generic/pgf/basiclayer\pg
fcoregraphicstate.code.tex
File: pgfcoregraphicstate.code.tex 2021/05/15 v3.1.9a (3.1.9a)
\pgflinewidth=\dimen179
)
(C:\Users\rhubi\AppData\Local\Programs\MiKTeX 2.9\tex/generic/pgf/basiclayer\pg
fcoretransformations.code.tex
File: pgfcoretransformations.code.tex 2021/05/15 v3.1.9a (3.1.9a)
\pgf@pt@x=\dimen180
\pgf@pt@y=\dimen181
\pgf@pt@temp=\dimen182
)
(C:\Users\rhubi\AppData\Local\Programs\MiKTeX 2.9\tex/generic/pgf/basiclayer\pg
fcorequick.code.tex
File: pgfcorequick.code.tex 2021/05/15 v3.1.9a (3.1.9a)
)
(C:\Users\rhubi\AppData\Local\Programs\MiKTeX 2.9\tex/generic/pgf/basiclayer\pg
fcoreobjects.code.tex
File: pgfcoreobjects.code.tex 2021/05/15 v3.1.9a (3.1.9a)
)
(C:\Users\rhubi\AppData\Local\Programs\MiKTeX 2.9\tex/generic/pgf/basiclayer\pg
fcorepathprocessing.code.tex
File: pgfcorepathprocessing.code.tex 2021/05/15 v3.1.9a (3.1.9a)
)
(C:\Users\rhubi\AppData\Local\Programs\MiKTeX 2.9\tex/generic/pgf/basiclayer\pg
fcorearrows.code.tex
File: pgfcorearrows.code.tex 2021/05/15 v3.1.9a (3.1.9a)
\pgfarrowsep=\dimen183
)
(C:\Users\rhubi\AppData\Local\Programs\MiKTeX 2.9\tex/generic/pgf/basiclayer\pg
fcoreshade.code.tex
File: pgfcoreshade.code.tex 2021/05/15 v3.1.9a (3.1.9a)
\pgf@max=\dimen184
\pgf@sys@shading@range@num=\count419
\pgf@shadingcount=\count420
)
(C:\Users\rhubi\AppData\Local\Programs\MiKTeX 2.9\tex/generic/pgf/basiclayer\pg
fcoreimage.code.tex
File: pgfcoreimage.code.tex 2021/05/15 v3.1.9a (3.1.9a)

(C:\Users\rhubi\AppData\Local\Programs\MiKTeX 2.9\tex/generic/pgf/basiclayer\pg
fcoreexternal.code.tex
File: pgfcoreexternal.code.tex 2021/05/15 v3.1.9a (3.1.9a)
\pgfexternal@startupbox=\box63
))
(C:\Users\rhubi\AppData\Local\Programs\MiKTeX 2.9\tex/generic/pgf/basiclayer\pg
fcorelayers.code.tex
File: pgfcorelayers.code.tex 2021/05/15 v3.1.9a (3.1.9a)
)
(C:\Users\rhubi\AppData\Local\Programs\MiKTeX 2.9\tex/generic/pgf/basiclayer\pg
fcoretransparency.code.tex
File: pgfcoretransparency.code.tex 2021/05/15 v3.1.9a (3.1.9a)
)
(C:\Users\rhubi\AppData\Local\Programs\MiKTeX 2.9\tex/generic/pgf/basiclayer\pg
fcorepatterns.code.tex
File: pgfcorepatterns.code.tex 2021/05/15 v3.1.9a (3.1.9a)
)
(C:\Users\rhubi\AppData\Local\Programs\MiKTeX 2.9\tex/generic/pgf/basiclayer\pg
fcorerdf.code.tex
File: pgfcorerdf.code.tex 2021/05/15 v3.1.9a (3.1.9a)
)))
(C:\Users\rhubi\AppData\Local\Programs\MiKTeX 2.9\tex/generic/pgf/modules\pgfmo
duleshapes.code.tex
File: pgfmoduleshapes.code.tex 2021/05/15 v3.1.9a (3.1.9a)
\pgfnodeparttextbox=\box64
)
(C:\Users\rhubi\AppData\Local\Programs\MiKTeX 2.9\tex/generic/pgf/modules\pgfmo
duleplot.code.tex
File: pgfmoduleplot.code.tex 2021/05/15 v3.1.9a (3.1.9a)
)
(C:\Users\rhubi\AppData\Local\Programs\MiKTeX 2.9\tex/latex/pgf/compatibility\p
gfcomp-version-0-65.sty
Package: pgfcomp-version-0-65 2021/05/15 v3.1.9a (3.1.9a)
\pgf@nodesepstart=\dimen185
\pgf@nodesepend=\dimen186
)
(C:\Users\rhubi\AppData\Local\Programs\MiKTeX 2.9\tex/latex/pgf/compatibility\p
gfcomp-version-1-18.sty
Package: pgfcomp-version-1-18 2021/05/15 v3.1.9a (3.1.9a)
))
(C:\Users\rhubi\AppData\Local\Programs\MiKTeX 2.9\tex/latex/pgf/utilities\pgffo
r.sty
(C:\Users\rhubi\AppData\Local\Programs\MiKTeX 2.9\tex/latex/pgf/utilities\pgfke
ys.sty
(C:\Users\rhubi\AppData\Local\Programs\MiKTeX 2.9\tex/generic/pgf/utilities\pgf
keys.code.tex))
(C:\Users\rhubi\AppData\Local\Programs\MiKTeX 2.9\tex/latex/pgf/math\pgfmath.st
y
(C:\Users\rhubi\AppData\Local\Programs\MiKTeX 2.9\tex/generic/pgf/math\pgfmath.
code.tex))
(C:\Users\rhubi\AppData\Local\Programs\MiKTeX 2.9\tex/generic/pgf/utilities\pgf
for.code.tex
Package: pgffor 2021/05/15 v3.1.9a (3.1.9a)

(C:\Users\rhubi\AppData\Local\Programs\MiKTeX 2.9\tex/generic/pgf/math\pgfmath.
code.tex)
\pgffor@iter=\dimen187
\pgffor@skip=\dimen188
\pgffor@stack=\toks33
\pgffor@toks=\toks34
))
(C:\Users\rhubi\AppData\Local\Programs\MiKTeX 2.9\tex/generic/pgf/frontendlayer
/tikz\tikz.code.tex
Package: tikz 2021/05/15 v3.1.9a (3.1.9a)

(C:\Users\rhubi\AppData\Local\Programs\MiKTeX 2.9\tex/generic/pgf/libraries\pgf
libraryplothandlers.code.tex
File: pgflibraryplothandlers.code.tex 2021/05/15 v3.1.9a (3.1.9a)
\pgf@plot@mark@count=\count421
\pgfplotmarksize=\dimen189
)
\tikz@lastx=\dimen190
\tikz@lasty=\dimen191
\tikz@lastxsaved=\dimen192
\tikz@lastysaved=\dimen193
\tikz@lastmovetox=\dimen194
\tikz@lastmovetoy=\dimen195
\tikzleveldistance=\dimen196
\tikzsiblingdistance=\dimen197
\tikz@figbox=\box65
\tikz@figbox@bg=\box66
\tikz@tempbox=\box67
\tikz@tempbox@bg=\box68
\tikztreelevel=\count422
\tikznumberofchildren=\count423
\tikznumberofcurrentchild=\count424
\tikz@fig@count=\count425

(C:\Users\rhubi\AppData\Local\Programs\MiKTeX 2.9\tex/generic/pgf/modules\pgfmo
dulematrix.code.tex
File: pgfmodulematrix.code.tex 2021/05/15 v3.1.9a (3.1.9a)
\pgfmatrixcurrentrow=\count426
\pgfmatrixcurrentcolumn=\count427
\pgf@matrix@numberofcolumns=\count428
)
\tikz@expandcount=\count429

(C:\Users\rhubi\AppData\Local\Programs\MiKTeX 2.9\tex/generic/pgf/frontendlayer
/tikz/libraries\tikzlibrarytopaths.code.tex
File: tikzlibrarytopaths.code.tex 2021/05/15 v3.1.9a (3.1.9a)
)))
(C:\Users\rhubi\AppData\Local\Programs\MiKTeX 2.9\tex/latex/pgfplots\pgfplots.s
ty
(C:\Users\rhubi\AppData\Local\Programs\MiKTeX 2.9\tex/generic/pgfplots\pgfplots
.revision.tex)
Package: pgfplots 2021/05/15 v1.18.1 Data Visualization (1.18.1)

(C:\Users\rhubi\AppData\Local\Programs\MiKTeX 2.9\tex/generic/pgfplots\pgfplots
.code.tex
(C:\Users\rhubi\AppData\Local\Programs\MiKTeX 2.9\tex/generic/pgfplots\pgfplots
core.code.tex
\t@pgfplots@toka=\toks35
\t@pgfplots@tokb=\toks36
\t@pgfplots@tokc=\toks37
\pgfplots@tmpa=\dimen198
\c@pgfplots@coordindex=\count430
\c@pgfplots@scanlineindex=\count431

(C:\Users\rhubi\AppData\Local\Programs\MiKTeX 2.9\tex/generic/pgfplots/sys\pgfp
lotssysgeneric.code.tex))
(C:\Users\rhubi\AppData\Local\Programs\MiKTeX 2.9\tex/generic/pgfplots/libs\pgf
plotslibrary.code.tex)
(C:\Users\rhubi\AppData\Local\Programs\MiKTeX 2.9\tex/generic/pgfplots/oldpgfco
mpatib\pgfplotsoldpgfsupp_loader.code.tex
(C:\Users\rhubi\AppData\Local\Programs\MiKTeX 2.9\tex/generic/pgf/libraries\pgf
libraryfpu.code.tex))
(C:\Users\rhubi\AppData\Local\Programs\MiKTeX 2.9\tex/generic/pgfplots/util\pgf
plotsutil.code.tex
(C:\Users\rhubi\AppData\Local\Programs\MiKTeX 2.9\tex/generic/pgfplots/liststru
cture\pgfplotsliststructure.code.tex)
(C:\Users\rhubi\AppData\Local\Programs\MiKTeX 2.9\tex/generic/pgfplots/liststru
cture\pgfplotsliststructureext.code.tex)
(C:\Users\rhubi\AppData\Local\Programs\MiKTeX 2.9\tex/generic/pgfplots/liststru
cture\pgfplotsarray.code.tex
\c@pgfplotsarray@tmp=\count432
)
(C:\Users\rhubi\AppData\Local\Programs\MiKTeX 2.9\tex/generic/pgfplots/liststru
cture\pgfplotsmatrix.code.tex)
(C:\Users\rhubi\AppData\Local\Programs\MiKTeX 2.9\tex/generic/pgfplots/numtable
\pgfplotstableshared.code.tex
\c@pgfplotstable@counta=\count433
\t@pgfplotstable@a=\toks38
)
(C:\Users\rhubi\AppData\Local\Programs\MiKTeX 2.9\tex/generic/pgfplots/liststru
cture\pgfplotsdeque.code.tex)
(C:\Users\rhubi\AppData\Local\Programs\MiKTeX 2.9\tex/generic/pgfplots/util\pgf
plotsbinary.code.tex
(C:\Users\rhubi\AppData\Local\Programs\MiKTeX 2.9\tex/generic/pgfplots/util\pgf
plotsbinary.data.code.tex))
(C:\Users\rhubi\AppData\Local\Programs\MiKTeX 2.9\tex/generic/pgfplots/util\pgf
plotsutil.verb.code.tex)
(C:\Users\rhubi\AppData\Local\Programs\MiKTeX 2.9\tex/generic/pgfplots/libs\pgf
librarypgfplots.surfshading.code.tex
\c@pgfplotslibrarysurf@no=\count434

(C:\Users\rhubi\AppData\Local\Programs\MiKTeX 2.9\tex/generic/pgfplots/sys\pgfl
ibrarypgfplots.surfshading.pgfsys-pdftex.def)))
(C:\Users\rhubi\AppData\Local\Programs\MiKTeX 2.9\tex/generic/pgfplots/util\pgf
plotscolormap.code.tex
(C:\Users\rhubi\AppData\Local\Programs\MiKTeX 2.9\tex/generic/pgfplots/util\pgf
plotscolor.code.tex))
(C:\Users\rhubi\AppData\Local\Programs\MiKTeX 2.9\tex/generic/pgfplots\pgfplots
stackedplots.code.tex)
(C:\Users\rhubi\AppData\Local\Programs\MiKTeX 2.9\tex/generic/pgfplots\pgfplots
plothandlers.code.tex
(C:\Users\rhubi\AppData\Local\Programs\MiKTeX 2.9\tex/generic/pgfplots\pgfplots
meshplothandler.code.tex
(C:\Users\rhubi\AppData\Local\Programs\MiKTeX 2.9\tex/generic/pgfplots\pgfplots
meshplotimage.code.tex)))
(C:\Users\rhubi\AppData\Local\Programs\MiKTeX 2.9\tex/generic/pgfplots\pgfplots
.scaling.code.tex)
(C:\Users\rhubi\AppData\Local\Programs\MiKTeX 2.9\tex/generic/pgfplots\pgfplots
coordprocessing.code.tex)
(C:\Users\rhubi\AppData\Local\Programs\MiKTeX 2.9\tex/generic/pgfplots\pgfplots
.errorbars.code.tex)
(C:\Users\rhubi\AppData\Local\Programs\MiKTeX 2.9\tex/generic/pgfplots\pgfplots
.markers.code.tex)
(C:\Users\rhubi\AppData\Local\Programs\MiKTeX 2.9\tex/generic/pgfplots\pgfplots
ticks.code.tex)
(C:\Users\rhubi\AppData\Local\Programs\MiKTeX 2.9\tex/generic/pgfplots\pgfplots
.paths.code.tex)
(C:\Users\rhubi\AppData\Local\Programs\MiKTeX 2.9\tex/generic/pgf/frontendlayer
/tikz/libraries\tikzlibrarydecorations.code.tex
(C:\Users\rhubi\AppData\Local\Programs\MiKTeX 2.9\tex/generic/pgf/modules\pgfmo
duledecorations.code.tex
\pgfdecoratedcompleteddistance=\dimen199
\pgfdecoratedremainingdistance=\dimen256
\pgfdecoratedinputsegmentcompleteddistance=\dimen257
\pgfdecoratedinputsegmentremainingdistance=\dimen258
\pgf@decorate@distancetomove=\dimen259
\pgf@decorate@repeatstate=\count435
\pgfdecorationsegmentamplitude=\dimen260
\pgfdecorationsegmentlength=\dimen261
)
\tikz@lib@dec@box=\box69
)
(C:\Users\rhubi\AppData\Local\Programs\MiKTeX 2.9\tex/generic/pgf/frontendlayer
/tikz/libraries\tikzlibrarydecorations.pathmorphing.code.tex
(C:\Users\rhubi\AppData\Local\Programs\MiKTeX 2.9\tex/generic/pgf/libraries/dec
orations\pgflibrarydecorations.pathmorphing.code.tex))
(C:\Users\rhubi\AppData\Local\Programs\MiKTeX 2.9\tex/generic/pgf/frontendlayer
/tikz/libraries\tikzlibrarydecorations.pathreplacing.code.tex
(C:\Users\rhubi\AppData\Local\Programs\MiKTeX 2.9\tex/generic/pgf/libraries/dec
orations\pgflibrarydecorations.pathreplacing.code.tex))
(C:\Users\rhubi\AppData\Local\Programs\MiKTeX 2.9\tex/generic/pgfplots/libs\tik
zlibrarypgfplots.contourlua.code.tex)
\pgfplots@numplots=\count436
\pgfplots@xmin@reg=\dimen262
\pgfplots@xmax@reg=\dimen263
\pgfplots@ymin@reg=\dimen264
\pgfplots@ymax@reg=\dimen265
\pgfplots@zmin@reg=\dimen266
\pgfplots@zmax@reg=\dimen267
)
(C:\Users\rhubi\AppData\Local\Programs\MiKTeX 2.9\tex/generic/pgf/frontendlayer
/tikz/libraries\tikzlibraryplotmarks.code.tex
File: tikzlibraryplotmarks.code.tex 2021/05/15 v3.1.9a (3.1.9a)

(C:\Users\rhubi\AppData\Local\Programs\MiKTeX 2.9\tex/generic/pgf/libraries\pgf
libraryplotmarks.code.tex
File: pgflibraryplotmarks.code.tex 2021/05/15 v3.1.9a (3.1.9a)
)))
(C:\Users\rhubi\AppData\Local\Programs\MiKTeX 2.9\tex/latex/pgfplots\pgfplotsta
ble.sty
(C:\Users\rhubi\AppData\Local\Programs\MiKTeX 2.9\tex/generic/pgfplots\pgfplots
.revision.tex)
Package: pgfplotstable 2021/05/15 v1.18.1 Table typesetting and Pretty-printing
 (1.18.1)

(C:\Users\rhubi\AppData\Local\Programs\MiKTeX 2.9\tex/generic/pgfplots/numtable
\pgfplotstable.code.tex
(C:\Users\rhubi\AppData\Local\Programs\MiKTeX 2.9\tex/generic/pgfplots/numtable
\pgfplotstable.coltype.code.tex)))
(C:\Users\rhubi\AppData\Local\Programs\MiKTeX 2.9\tex/latex/booktabs\booktabs.s
ty
Package: booktabs 2020/01/12 v1.61803398 Publication quality tables
\heavyrulewidth=\dimen268
\lightrulewidth=\dimen269
\cmidrulewidth=\dimen270
\belowrulesep=\dimen271
\belowbottomsep=\dimen272
\aboverulesep=\dimen273
\abovetopsep=\dimen274
\cmidrulesep=\dimen275
\cmidrulekern=\dimen276
\defaultaddspace=\dimen277
\@cmidla=\count437
\@cmidlb=\count438
\@aboverulesep=\dimen278
\@belowrulesep=\dimen279
\@thisruleclass=\count439
\@lastruleclass=\count440
\@thisrulewidth=\dimen280
)
(C:\Users\rhubi\AppData\Local\Programs\MiKTeX 2.9\tex/latex/microtype\microtype
.sty
Package: microtype 2022/06/23 v3.0f Micro-typographical refinements (RS)
\MT@toks=\toks39
\MT@tempbox=\box70
\MT@count=\count441
LaTeX Info: Redefining \noprotrusionifhmode on input line 1045.
LaTeX Info: Redefining \leftprotrusion on input line 1046.
LaTeX Info: Redefining \rightprotrusion on input line 1056.
LaTeX Info: Redefining \textls on input line 1234.
\MT@outer@kern=\dimen281
LaTeX Info: Redefining \textmicrotypecontext on input line 1858.
\MT@listname@count=\count442

(C:\Users\rhubi\AppData\Local\Programs\MiKTeX 2.9\tex/latex/microtype\microtype
-pdftex.def
File: microtype-pdftex.def 2022/06/23 v3.0f Definitions specific to pdftex (RS)

LaTeX Info: Redefining \lsstyle on input line 900.
LaTeX Info: Redefining \lslig on input line 900.
\MT@outer@space=\skip89
)
Package microtype Info: Loading configuration file microtype.cfg.

(C:\Users\rhubi\AppData\Local\Programs\MiKTeX 2.9\tex/latex/microtype\microtype
.cfg
File: microtype.cfg 2022/06/23 v3.0f microtype main configuration file (RS)
))
(C:\Users\rhubi\AppData\Local\Programs\MiKTeX 2.9\tex/latex/caption\caption.sty
Package: caption 2022/03/01 v3.6b Customizing captions (AR)

(C:\Users\rhubi\AppData\Local\Programs\MiKTeX 2.9\tex/latex/caption\caption3.st
y
Package: caption3 2022/03/17 v2.3b caption3 kernel (AR)
\caption@tempdima=\dimen282
\captionmargin=\dimen283
\caption@leftmargin=\dimen284
\caption@rightmargin=\dimen285
\caption@width=\dimen286
\caption@indent=\dimen287
\caption@parindent=\dimen288
\caption@hangindent=\dimen289
Package caption Info: KOMA-Script document class detected.

(C:\Users\rhubi\AppData\Local\Programs\MiKTeX 2.9\tex/latex/caption\caption-kom
a.sto
File: caption-koma.sto 2020/09/21 v2.0b Adaption of the caption package to the 
KOMA-Script document classes (AR)
))
\c@caption@flags=\count443
\c@continuedfloat=\count444
Package caption Info: listings package is loaded.
)
Package scrhack Info: hyperref hack deactivated because of
(scrhack)             detection of KOMA-Script class, that doesn't
(scrhack)             need that hack, on input line 29.

(C:\Users\rhubi\AppData\Local\Programs\MiKTeX 2.9\tex/latex/hyperref\hyperref.s
ty
Package: hyperref 2022-06-20 v7.00s Hypertext links for LaTeX

(C:\Users\rhubi\AppData\Local\Programs\MiKTeX 2.9\tex/generic/kvdefinekeys\kvde
finekeys.sty
Package: kvdefinekeys 2019-12-19 v1.6 Define keys (HO)
)
(C:\Users\rhubi\AppData\Local\Programs\MiKTeX 2.9\tex/generic/pdfescape\pdfesca
pe.sty
Package: pdfescape 2019/12/09 v1.15 Implements pdfTeX's escape features (HO)
)
(C:\Users\rhubi\AppData\Local\Programs\MiKTeX 2.9\tex/latex/hycolor\hycolor.sty
Package: hycolor 2020-01-27 v1.10 Color options for hyperref/bookmark (HO)
)
(C:\Users\rhubi\AppData\Local\Programs\MiKTeX 2.9\tex/latex/letltxmacro\letltxm
acro.sty
Package: letltxmacro 2019/12/03 v1.6 Let assignment for LaTeX macros (HO)
)
(C:\Users\rhubi\AppData\Local\Programs\MiKTeX 2.9\tex/latex/auxhook\auxhook.sty
Package: auxhook 2019-12-17 v1.6 Hooks for auxiliary files (HO)
)
(C:\Users\rhubi\AppData\Local\Programs\MiKTeX 2.9\tex/latex/hyperref\nameref.st
y
Package: nameref 2022-05-17 v2.50 Cross-referencing by name of section

(C:\Users\rhubi\AppData\Local\Programs\MiKTeX 2.9\tex/latex/refcount\refcount.s
ty
Package: refcount 2019/12/15 v3.6 Data extraction from label references (HO)
)
(C:\Users\rhubi\AppData\Local\Programs\MiKTeX 2.9\tex/generic/gettitlestring\ge
ttitlestring.sty
Package: gettitlestring 2019/12/15 v1.6 Cleanup title references (HO)
)
\c@section@level=\count445
)
\@linkdim=\dimen290
\Hy@linkcounter=\count446
\Hy@pagecounter=\count447

(C:\Users\rhubi\AppData\Local\Programs\MiKTeX 2.9\tex/latex/hyperref\pd1enc.def
File: pd1enc.def 2022-06-20 v7.00s Hyperref: PDFDocEncoding definition (HO)
Now handling font encoding PD1 ...
... no UTF-8 mapping file for font encoding PD1
)
(C:\Users\rhubi\AppData\Local\Programs\MiKTeX 2.9\tex/generic/intcalc\intcalc.s
ty
Package: intcalc 2019/12/15 v1.3 Expandable calculations with integers (HO)
)
(C:\Users\rhubi\AppData\Local\Programs\MiKTeX 2.9\tex/generic/etexcmds\etexcmds
.sty
Package: etexcmds 2019/12/15 v1.7 Avoid name clashes with e-TeX commands (HO)
)
\Hy@SavedSpaceFactor=\count448

(C:\Users\rhubi\AppData\Local\Programs\MiKTeX 2.9\tex/latex/hyperref\puenc.def
File: puenc.def 2022-06-20 v7.00s Hyperref: PDF Unicode definition (HO)
Now handling font encoding PU ...
... no UTF-8 mapping file for font encoding PU
)
Package hyperref Info: Hyper figures OFF on input line 4162.
Package hyperref Info: Link nesting OFF on input line 4167.
Package hyperref Info: Hyper index ON on input line 4170.
Package hyperref Info: Plain pages OFF on input line 4177.
Package hyperref Info: Backreferencing OFF on input line 4182.
Package hyperref Info: Implicit mode ON; LaTeX internals redefined.
Package hyperref Info: Bookmarks ON on input line 4408.
\c@Hy@tempcnt=\count449
LaTeX Info: Redefining \url on input line 4746.
\XeTeXLinkMargin=\dimen291

(C:\Users\rhubi\AppData\Local\Programs\MiKTeX 2.9\tex/generic/bitset\bitset.sty
Package: bitset 2019/12/09 v1.3 Handle bit-vector datatype (HO)

(C:\Users\rhubi\AppData\Local\Programs\MiKTeX 2.9\tex/generic/bigintcalc\bigint
calc.sty
Package: bigintcalc 2019/12/15 v1.5 Expandable calculations on big integers (HO
)
))
\Fld@menulength=\count450
\Field@Width=\dimen292
\Fld@charsize=\dimen293
Package hyperref Info: Hyper figures OFF on input line 6024.
Package hyperref Info: Link nesting OFF on input line 6029.
Package hyperref Info: Hyper index ON on input line 6032.
Package hyperref Info: backreferencing OFF on input line 6039.
Package hyperref Info: Link coloring OFF on input line 6044.
Package hyperref Info: Link coloring with OCG OFF on input line 6049.
Package hyperref Info: PDF/A mode OFF on input line 6054.

(C:\Users\rhubi\AppData\Local\Programs\MiKTeX 2.9\tex/latex/base\atbegshi-ltx.s
ty
Package: atbegshi-ltx 2021/01/10 v1.0c Emulation of the original atbegshi
package with kernel methods
)
\Hy@abspage=\count451
\c@Item=\count452
\c@Hfootnote=\count453
)
Package hyperref Info: Driver (autodetected): hpdftex.

(C:\Users\rhubi\AppData\Local\Programs\MiKTeX 2.9\tex/latex/hyperref\hpdftex.de
f
File: hpdftex.def 2022-06-20 v7.00s Hyperref driver for pdfTeX

(C:\Users\rhubi\AppData\Local\Programs\MiKTeX 2.9\tex/latex/base\atveryend-ltx.
sty
Package: atveryend-ltx 2020/08/19 v1.0a Emulation of the original atveryend pac
kage
with kernel methods
)
\Fld@listcount=\count454
\c@bookmark@seq@number=\count455

(C:\Users\rhubi\AppData\Local\Programs\MiKTeX 2.9\tex/latex/rerunfilecheck\reru
nfilecheck.sty
Package: rerunfilecheck 2022-07-10 v1.10 Rerun checks for auxiliary files (HO)

(C:\Users\rhubi\AppData\Local\Programs\MiKTeX 2.9\tex/generic/uniquecounter\uni
quecounter.sty
Package: uniquecounter 2019/12/15 v1.4 Provide unlimited unique counter (HO)
)
Package uniquecounter Info: New unique counter `rerunfilecheck' on input line 2
85.
)
\Hy@SectionHShift=\skip90
)
(C:\Users\rhubi\AppData\Local\Programs\MiKTeX 2.9\tex/latex/paralist\paralist.s
ty
Package: paralist 2017/01/22 v2.7 Extended list environments
\pltopsep=\skip91
\plpartopsep=\skip92
\plitemsep=\skip93
\plparsep=\skip94
\pl@lab=\toks40
)
(C:\Users\rhubi\AppData\Local\Programs\MiKTeX 2.9\tex/latex/subfig\subfig.sty
Package: subfig 2005/06/28 ver: 1.3 subfig package
\c@KVtest=\count456
\sf@farskip=\skip95
\sf@captopadj=\dimen294
\sf@capskip=\skip96
\sf@nearskip=\skip97
\c@subfigure=\count457
\c@subfigure@save=\count458
\c@lofdepth=\count459
\c@subtable=\count460
\c@subtable@save=\count461
\c@lotdepth=\count462
\sf@top=\skip98
\sf@bottom=\skip99
)
(C:\Users\rhubi\AppData\Local\Programs\MiKTeX 2.9\tex/latex/siunitx\siunitx.sty
Package: siunitx 2022-07-23 v3.1.5 A comprehensive (SI) units package
\l__siunitx_angle_tmp_dim=\dimen295
\l__siunitx_angle_marker_box=\box71
\l__siunitx_angle_unit_box=\box72
\l__siunitx_compound_count_int=\count463

(C:\Users\rhubi\AppData\Local\Programs\MiKTeX 2.9\tex/latex/translations\transl
ations.sty
Package: translations 2022/02/05 v1.12 internationalization of LaTeX2e packages
 (CN)
)
\l__siunitx_number_exponent_fixed_int=\count464
\l__siunitx_number_min_decimal_int=\count465
\l__siunitx_number_min_integer_int=\count466
\l__siunitx_number_round_precision_int=\count467
\l__siunitx_number_group_first_int=\count468
\l__siunitx_number_group_size_int=\count469
\l__siunitx_number_group_minimum_int=\count470

(C:\Users\rhubi\AppData\Local\Programs\MiKTeX 2.9\tex/latex/amsmath\amstext.sty
Package: amstext 2021/08/26 v2.01 AMS text
(C:\Users\rhubi\AppData\Local\Programs\MiKTeX 2.9\tex/latex/amsmath\amsgen.sty
File: amsgen.sty 1999/11/30 v2.0 generic functions
\@emptytoks=\toks41
\ex@=\dimen296
))
\l__siunitx_table_tmp_box=\box73
\l__siunitx_table_tmp_dim=\dimen297
\l__siunitx_table_column_width_dim=\dimen298
\l__siunitx_table_integer_box=\box74
\l__siunitx_table_decimal_box=\box75
\l__siunitx_table_before_box=\box76
\l__siunitx_table_after_box=\box77
\l__siunitx_table_before_dim=\dimen299
\l__siunitx_table_carry_dim=\dimen300
\l__siunitx_unit_tmp_int=\count471
\l__siunitx_unit_position_int=\count472
\l__siunitx_unit_total_int=\count473
)
(C:\Users\rhubi\AppData\Local\Programs\MiKTeX 2.9\tex/latex/multirow\multirow.s
ty
Package: multirow 2021/03/15 v2.8 Span multiple rows of a table
\multirow@colwidth=\skip100
\multirow@cntb=\count474
\multirow@dima=\skip101
\bigstrutjot=\dimen301
)
(C:\Users\rhubi\AppData\Local\Programs\MiKTeX 2.9\tex/latex/makecell\makecell.s
ty
Package: makecell 2009/08/03 V0.1e Managing of Tab Column Heads and Cells
\rotheadsize=\dimen302
\c@nlinenum=\count475
\TeXr@lab=\toks42
)
(C:\Users\rhubi\AppData\Local\Programs\MiKTeX 2.9\tex/latex/pdfpages\pdfpages.s
ty
Package: pdfpages 2022/05/22 v0.5v Insert pages of external PDF documents (AM)
 (C:\Users\rhubi\AppData\Local\Programs\MiKTeX 2.9\tex/latex/tools\calc.sty
Package: calc 2017/05/25 v4.3 Infix arithmetic (KKT,FJ)
\calc@Acount=\count476
\calc@Bcount=\count477
\calc@Adimen=\dimen303
\calc@Bdimen=\dimen304
\calc@Askip=\skip102
\calc@Bskip=\skip103
LaTeX Info: Redefining \setlength on input line 80.
LaTeX Info: Redefining \addtolength on input line 81.
\calc@Ccount=\count478
\calc@Cskip=\skip104
)
(C:\Users\rhubi\AppData\Local\Programs\MiKTeX 2.9\tex/latex/eso-pic\eso-pic.sty
Package: eso-pic 2020/10/14 v3.0a eso-pic (RN)
\ESO@tempdima=\dimen305
\ESO@tempdimb=\dimen306
)
\AM@pagewidth=\dimen307
\AM@pageheight=\dimen308
\AM@fboxrule=\dimen309

(C:\Users\rhubi\AppData\Local\Programs\MiKTeX 2.9\tex/latex/pdfpages\pppdftex.d
ef
File: pppdftex.def 2022/05/22 v0.5v Pdfpages driver for pdfTeX (AM)
)
\pdfpages@includegraphics@status=\count479
\AM@pagebox=\box78
\AM@global@opts=\toks43
\AM@pagecnt=\count480
\AM@toc@title=\toks44
\c@AM@survey=\count481
\AM@templatesizebox=\box79
)
(C:\Users\rhubi\AppData\Local\Programs\MiKTeX 2.9\tex/latex/adjustbox\adjustbox
.sty
Package: adjustbox 2020/08/19 v1.3 Adjusting TeX boxes (trim, clip, ...)

(C:\Users\rhubi\AppData\Local\Programs\MiKTeX 2.9\tex/latex/xkeyval\xkeyval.sty
Package: xkeyval 2022/06/16 v2.9 package option processing (HA)

(C:\Users\rhubi\AppData\Local\Programs\MiKTeX 2.9\tex/generic/xkeyval\xkeyval.t
ex
(C:\Users\rhubi\AppData\Local\Programs\MiKTeX 2.9\tex/generic/xkeyval\xkvutils.
tex
\XKV@toks=\toks45
\XKV@tempa@toks=\toks46
)
\XKV@depth=\count482
File: xkeyval.tex 2014/12/03 v2.7a key=value parser (HA)
))
(C:\Users\rhubi\AppData\Local\Programs\MiKTeX 2.9\tex/latex/adjustbox\adjcalc.s
ty
Package: adjcalc 2012/05/16 v1.1 Provides advanced setlength with multiple back
-ends (calc, etex, pgfmath)
)
(C:\Users\rhubi\AppData\Local\Programs\MiKTeX 2.9\tex/latex/adjustbox\trimclip.
sty
Package: trimclip 2020/08/19 v1.2 Trim and clip general TeX material

(C:\Users\rhubi\AppData\Local\Programs\MiKTeX 2.9\tex/latex/collectbox\collectb
ox.sty
Package: collectbox 2012/05/17 v0.4b Collect macro arguments as boxes
\collectedbox=\box80
)
\tc@llx=\dimen310
\tc@lly=\dimen311
\tc@urx=\dimen312
\tc@ury=\dimen313
Package trimclip Info: Using driver 'tc-pdftex.def'.

(C:\Users\rhubi\AppData\Local\Programs\MiKTeX 2.9\tex/latex/adjustbox\tc-pdftex
.def
File: tc-pdftex.def 2019/01/04 v2.2 Clipping driver for pdftex
))
\adjbox@Width=\dimen314
\adjbox@Height=\dimen315
\adjbox@Depth=\dimen316
\adjbox@Totalheight=\dimen317
\adjbox@pwidth=\dimen318
\adjbox@pheight=\dimen319
\adjbox@pdepth=\dimen320
\adjbox@ptotalheight=\dimen321

(C:\Users\rhubi\AppData\Local\Programs\MiKTeX 2.9\tex/latex/ifoddpage\ifoddpage
.sty
Package: ifoddpage 2016/04/23 v1.1 Conditionals for odd/even page detection
\c@checkoddpage=\count483
)
(C:\Users\rhubi\AppData\Local\Programs\MiKTeX 2.9\tex/latex/varwidth\varwidth.s
ty
Package: varwidth 2009/03/30 ver 0.92;  Variable-width minipages
\@vwid@box=\box81
\sift@deathcycles=\count484
\@vwid@loff=\dimen322
\@vwid@roff=\dimen323
))
(C:\Users\rhubi\AppData\Local\Programs\MiKTeX 2.9\tex/latex/tablefootnote\table
footnote.sty
Package: tablefootnote 2014/01/26 v1.1c Table foot notes (HMM)

(C:\Users\rhubi\AppData\Local\Programs\MiKTeX 2.9\tex/latex/xifthen\xifthen.sty
Package: xifthen 2015/11/05 v1.4.0 Extended ifthen features

(C:\Users\rhubi\AppData\Local\Programs\MiKTeX 2.9\tex/latex/ifmtarg\ifmtarg.sty
Package: ifmtarg 2018/04/16 v1.2b check for an empty argument
)))
(C:\Users\rhubi\AppData\Local\Programs\MiKTeX 2.9\tex/latex/threeparttable\thre
eparttable.sty
Package: threeparttable 2003/06/13  v 3.0
\@tempboxb=\box82
)
(C:\Users\rhubi\AppData\Local\Programs\MiKTeX 2.9\tex/latex/amsfonts\amssymb.st
y
Package: amssymb 2013/01/14 v3.01 AMS font symbols

(C:\Users\rhubi\AppData\Local\Programs\MiKTeX 2.9\tex/latex/amsfonts\amsfonts.s
ty
Package: amsfonts 2013/01/14 v3.01 Basic AMSFonts support
\symAMSa=\mathgroup5
\symAMSb=\mathgroup6
LaTeX Font Info:    Redeclaring math symbol \hbar on input line 98.
LaTeX Font Info:    Overwriting math alphabet `\mathfrak' in version `bold'
(Font)                  U/euf/m/n --> U/euf/b/n on input line 106.
))
(C:\Users\rhubi\AppData\Local\Programs\MiKTeX 2.9\tex/latex/psnfss\pifont.sty
Package: pifont 2020/03/25 PSNFSS-v9.3 Pi font support (SPQR) 
LaTeX Font Info:    Trying to load font information for U+pzd on input line 63.


(C:\Users\rhubi\AppData\Local\Programs\MiKTeX 2.9\tex/latex/psnfss\upzd.fd
File: upzd.fd 2001/06/04 font definitions for U/pzd.
)
LaTeX Font Info:    Trying to load font information for U+psy on input line 64.


(C:\Users\rhubi\AppData\Local\Programs\MiKTeX 2.9\tex/latex/psnfss\upsy.fd
File: upsy.fd 2001/06/04 font definitions for U/psy.
))
(C:\Users\rhubi\AppData\Local\Programs\MiKTeX 2.9\tex/latex/glossaries/base\glo
ssaries.sty
Package: glossaries 2021/11/01 v4.49 (NLCT)

(C:\Users\rhubi\AppData\Local\Programs\MiKTeX 2.9\tex/latex/mfirstuc\mfirstuc.s
ty
Package: mfirstuc 2021/10/15 v2.07 (NLCT)
\@glsmfirst=\toks47
\@glsmrest=\toks48
)
(C:\Users\rhubi\AppData\Local\Programs\MiKTeX 2.9\tex/latex/textcase\textcase.s
ty
Package: textcase 2022/07/10 v1.03 Text only upper/lower case changing (DPC)
Package textcase Info: Defining Legacy names on input line 20.
) (C:\Users\rhubi\AppData\Local\Programs\MiKTeX 2.9\tex/latex/xfor\xfor.sty
Package: xfor 2009/02/05 v1.05 (NLCT)
)
(C:\Users\rhubi\AppData\Local\Programs\MiKTeX 2.9\tex/latex/datatool\datatool-b
ase.sty
Package: datatool-base 2019/09/27 v2.32 (NLCT)

(C:\Users\rhubi\AppData\Local\Programs\MiKTeX 2.9\tex/latex/amsmath\amsmath.sty
Package: amsmath 2022/04/08 v2.17n AMS math features
\@mathmargin=\skip105
For additional information on amsmath, use the `?' option.
(C:\Users\rhubi\AppData\Local\Programs\MiKTeX 2.9\tex/latex/amsmath\amsbsy.sty
Package: amsbsy 1999/11/29 v1.2d Bold Symbols
\pmbraise@=\dimen324
) (C:\Users\rhubi\AppData\Local\Programs\MiKTeX 2.9\tex/latex/amsmath\amsopn.st
y
Package: amsopn 2022/04/08 v2.04 operator names
)
\inf@bad=\count485
LaTeX Info: Redefining \frac on input line 234.
\uproot@=\count486
\leftroot@=\count487
LaTeX Info: Redefining \overline on input line 399.
LaTeX Info: Redefining \colon on input line 410.
\classnum@=\count488
\DOTSCASE@=\count489
LaTeX Info: Redefining \ldots on input line 496.
LaTeX Info: Redefining \dots on input line 499.
LaTeX Info: Redefining \cdots on input line 620.
\Mathstrutbox@=\box83
\strutbox@=\box84
LaTeX Info: Redefining \big on input line 722.
LaTeX Info: Redefining \Big on input line 723.
LaTeX Info: Redefining \bigg on input line 724.
LaTeX Info: Redefining \Bigg on input line 725.
\big@size=\dimen325
LaTeX Font Info:    Redeclaring font encoding OML on input line 743.
LaTeX Font Info:    Redeclaring font encoding OMS on input line 744.
\macc@depth=\count490
LaTeX Info: Redefining \bmod on input line 905.
LaTeX Info: Redefining \pmod on input line 910.
LaTeX Info: Redefining \smash on input line 940.
LaTeX Info: Redefining \relbar on input line 970.
LaTeX Info: Redefining \Relbar on input line 971.
\c@MaxMatrixCols=\count491
\dotsspace@=\muskip21
\c@parentequation=\count492
\dspbrk@lvl=\count493
\tag@help=\toks49
\row@=\count494
\column@=\count495
\maxfields@=\count496
\andhelp@=\toks50
\eqnshift@=\dimen326
\alignsep@=\dimen327
\tagshift@=\dimen328
\tagwidth@=\dimen329
\totwidth@=\dimen330
\lineht@=\dimen331
\@envbody=\toks51
\multlinegap=\skip106
\multlinetaggap=\skip107
\mathdisplay@stack=\toks52
LaTeX Info: Redefining \[ on input line 2953.
LaTeX Info: Redefining \] on input line 2954.
)
(C:\Users\rhubi\AppData\Local\Programs\MiKTeX 2.9\tex/latex/substr\substr.sty
Package: substr 2009/10/20 v1.2 Handle substrings
\c@su@anzahl=\count497
)
(C:\Users\rhubi\AppData\Local\Programs\MiKTeX 2.9\tex/latex/datatool\datatool-f
p.sty
Package: datatool-fp 2019/09/27 v2.32 (NLCT)
 (C:\Users\rhubi\AppData\Local\Programs\MiKTeX 2.9\tex/latex/fp\fp.sty
Package: fp 1995/04/02

`Fixed Point Package', Version 0.8, April 2, 1995 (C) Michael Mehlich
(C:\Users\rhubi\AppData\Local\Programs\MiKTeX 2.9\tex/latex/fp\defpattern.sty
Package: defpattern 1994/10/12
\actioncount=\count498
)
(C:\Users\rhubi\AppData\Local\Programs\MiKTeX 2.9\tex/latex/fp\fp-basic.sty
Package: fp-basic 1996/05/13
\FP@xs=\count499
\FP@xia=\count500
\FP@xib=\count501
\FP@xfa=\count502
\FP@xfb=\count503
\FP@rega=\count504
\FP@regb=\count505
\FP@regs=\count506
\FP@times=\count507
)
(C:\Users\rhubi\AppData\Local\Programs\MiKTeX 2.9\tex/latex/fp\fp-addons.sty
Package: fp-addons 1995/03/15
)
(C:\Users\rhubi\AppData\Local\Programs\MiKTeX 2.9\tex/latex/fp\fp-snap.sty
Package: fp-snap 1995/04/05
)
(C:\Users\rhubi\AppData\Local\Programs\MiKTeX 2.9\tex/latex/fp\fp-exp.sty
Package: fp-exp 1995/04/03
)
(C:\Users\rhubi\AppData\Local\Programs\MiKTeX 2.9\tex/latex/fp\fp-trigo.sty
Package: fp-trigo 1995/04/14
)
(C:\Users\rhubi\AppData\Local\Programs\MiKTeX 2.9\tex/latex/fp\fp-pas.sty
Package: fp-pas 1994/08/29
)
(C:\Users\rhubi\AppData\Local\Programs\MiKTeX 2.9\tex/latex/fp\fp-random.sty
Package: fp-random 1995/02/23
\FPseed=\count508
)
(C:\Users\rhubi\AppData\Local\Programs\MiKTeX 2.9\tex/latex/fp\fp-eqn.sty
Package: fp-eqn 1995/04/03
)
(C:\Users\rhubi\AppData\Local\Programs\MiKTeX 2.9\tex/latex/fp\fp-upn.sty
Package: fp-upn 1996/10/21
)
(C:\Users\rhubi\AppData\Local\Programs\MiKTeX 2.9\tex/latex/fp\fp-eval.sty
Package: fp-eval 1995/04/03
)))
\@dtl@toks=\toks53
\@dtl@tmpcount=\count509
\dtl@tmplength=\skip108
\dtl@sortresult=\count510
\@dtl@numgrpsepcount=\count511
\@dtl@datatype=\count512
\dtl@codeA=\count513
\dtl@codeB=\count514
\@dtl@foreach@level=\count515
)
(C:\Users\rhubi\AppData\Local\Programs\MiKTeX 2.9\tex/latex/glossaries/base\glo
ssaries-compatible-307.sty
Package: glossaries-compatible-307 2021/11/01 v4.49 (NLCT)
)
(C:\Users\rhubi\AppData\Local\Programs\MiKTeX 2.9\tex/latex/tracklang\tracklang
.sty
Package: tracklang 2020/06/30 v1.5 (NLCT) Track Languages

(C:\Users\rhubi\AppData\Local\Programs\MiKTeX 2.9\tex/generic/tracklang\trackla
ng.tex))
(C:\Users\rhubi\AppData\Local\Programs\MiKTeX 2.9\tex/latex/translator\translat
or.sty
Package: translator 2021-05-31 v1.12d Easy translation of strings in LaTeX
)
(C:\Users\rhubi\AppData\Local\Programs\MiKTeX 2.9\tex/latex/glossaries-english\
glossaries-english.ldf
File: glossaries-english.ldf 2014/11/23 v1.0
)
(C:\Users\rhubi\AppData\Local\Programs\MiKTeX 2.9\tex/latex/glossaries-german\g
lossaries-german.ldf
File: glossaries-german.ldf 2014/11/23 v1.0
)
\gls@level=\count516
\@gls@tmpb=\toks54
\gls@tmplen=\skip109
\glskeylisttok=\toks55
\glslabeltok=\toks56
\glsshorttok=\toks57
\glslongtok=\toks58

(C:\Users\rhubi\AppData\Local\Programs\MiKTeX 2.9\tex/latex/glossaries/styles\g
lossary-hypernav.sty
Package: glossary-hypernav 2021/11/01 v4.49 (NLCT)
)
(C:\Users\rhubi\AppData\Local\Programs\MiKTeX 2.9\tex/latex/glossaries/styles\g
lossary-list.sty
Package: glossary-list 2021/11/01 v4.49 (NLCT)
\glslistdottedwidth=\skip110
)
(C:\Users\rhubi\AppData\Local\Programs\MiKTeX 2.9\tex/latex/glossaries/styles\g
lossary-long.sty
Package: glossary-long 2021/11/01 v4.49 (NLCT)

(C:\Users\rhubi\AppData\Local\Programs\MiKTeX 2.9\tex/latex/tools\longtable.sty
Package: longtable 2021-09-01 v4.17 Multi-page Table package (DPC)
\LTleft=\skip111
\LTright=\skip112
\LTpre=\skip113
\LTpost=\skip114
\LTchunksize=\count517
\LTcapwidth=\dimen332
\LT@head=\box85
\LT@firsthead=\box86
\LT@foot=\box87
\LT@lastfoot=\box88
\LT@gbox=\box89
\LT@cols=\count518
\LT@rows=\count519
\c@LT@tables=\count520
\c@LT@chunks=\count521
\LT@p@ftn=\toks59
)
Class scrbook Info: longtable captions redefined on input line 43.
\glsdescwidth=\skip115
\glspagelistwidth=\skip116
)
(C:\Users\rhubi\AppData\Local\Programs\MiKTeX 2.9\tex/latex/glossaries/styles\g
lossary-super.sty
Package: glossary-super 2021/11/01 v4.49 (NLCT)

(C:\Users\rhubi\AppData\Local\Programs\MiKTeX 2.9\tex/latex/supertabular\supert
abular.sty
Package: supertabular 2020/02/02 v4.1g the supertabular environment
\c@tracingst=\count522
\ST@wd=\dimen333
\ST@rightskip=\skip117
\ST@leftskip=\skip118
\ST@parfillskip=\skip119
\ST@pageleft=\dimen334
\ST@headht=\dimen335
\ST@tailht=\dimen336
\ST@pagesofar=\dimen337
\ST@pboxht=\dimen338
\ST@lineht=\dimen339
\ST@prevht=\dimen340
\ST@toadd=\dimen341
\ST@dimen=\dimen342
\ST@pbox=\box90
))
(C:\Users\rhubi\AppData\Local\Programs\MiKTeX 2.9\tex/latex/glossaries/styles\g
lossary-tree.sty
Package: glossary-tree 2021/11/01 v4.49 (NLCT)
\glstreeindent=\skip120
))
\glswrite=\write5
\glo@main@file=\write6
\openout6 = `"Bachelor Thesis Robert Hubinger.glo"'.

Package glossaries Info: Writing glossary file "Bachelor Thesis Robert Hubinger
".glo on input line 51.
\glo@acronym@file=\write7
\openout7 = `"Bachelor Thesis Robert Hubinger.acn"'.

Package glossaries Info: Writing glossary file "Bachelor Thesis Robert Hubinger
".acn on input line 51.
 (pages/glossary.tex))
Package csquotes Info: Checking for multilingual support...
Package csquotes Info: ... found 'babel' package.
LaTeX Font Info:    Trying to load font information for T1+pplx on input line 2
1.

(C:\Users\rhubi\AppData\Local\Programs\MiKTeX 2.9\tex/latex/psnfss\t1pplx.fd
File: t1pplx.fd 2004/09/06 font definitions for T1/pplx.
)
(Bachelor Thesis Robert Hubinger.aux)
\openout1 = `"Bachelor Thesis Robert Hubinger.aux"'.

LaTeX Font Info:    Checking defaults for OML/cmm/m/it on input line 21.
LaTeX Font Info:    ... okay on input line 21.
LaTeX Font Info:    Checking defaults for OMS/cmsy/m/n on input line 21.
LaTeX Font Info:    ... okay on input line 21.
LaTeX Font Info:    Checking defaults for OT1/cmr/m/n on input line 21.
LaTeX Font Info:    ... okay on input line 21.
LaTeX Font Info:    Checking defaults for T1/cmr/m/n on input line 21.
LaTeX Font Info:    ... okay on input line 21.
LaTeX Font Info:    Checking defaults for TS1/cmr/m/n on input line 21.
LaTeX Font Info:    ... okay on input line 21.
LaTeX Font Info:    Checking defaults for OMX/cmex/m/n on input line 21.
LaTeX Font Info:    ... okay on input line 21.
LaTeX Font Info:    Checking defaults for U/cmr/m/n on input line 21.
LaTeX Font Info:    ... okay on input line 21.
LaTeX Font Info:    Checking defaults for PD1/pdf/m/n on input line 21.
LaTeX Font Info:    ... okay on input line 21.
LaTeX Font Info:    Checking defaults for PU/pdf/m/n on input line 21.
LaTeX Font Info:    ... okay on input line 21.
Package nag Info: Attempting subfig hack.
Package nag Info: OK, equivalent to subfig 1.3, redefining \sf@@@subfloat.
Package nag Info: pgf.sty is broken: disabling dollar check on input line 21.
Package nag Info: Command \RaggedLeft not defined, skipping amendment on input 
line 21.
Package nag Info: Command \RaggedRight not defined, skipping amendment on input
 line 21.
Package scrbase Info: activating english \partname on input line 21.
Package scrbase Info: activating english \chaptername on input line 21.
Package scrbase Info: activating english \appendixname on input line 21.
Package scrbase Info: activating english \figurename on input line 21.
Package scrbase Info: activating english \tablename on input line 21.
Package scrbase Info: activating english \contentsname on input line 21.
Package scrbase Info: activating english \listfigurename on input line 21.
Package scrbase Info: activating english \listtablename on input line 21.
Package scrbase Info: activating english \bibname on input line 21.
Package scrbase Info: activating english \indexname on input line 21.
Package biblatex Info: Trying to load language 'english'...
Package biblatex Info: ... file 'english.lbx' found.

(C:\Users\rhubi\AppData\Local\Programs\MiKTeX 2.9\tex/latex/biblatex/lbx\englis
h.lbx
File: english.lbx 2022/07/12 v3.18b biblatex localization (PK/MW)
)
Package biblatex Info: Trying to load language 'ngerman'...
Package biblatex Info: ... file 'ngerman.lbx' found.

(C:\Users\rhubi\AppData\Local\Programs\MiKTeX 2.9\tex/latex/biblatex/lbx\ngerma
n.lbx
File: ngerman.lbx 2022/07/12 v3.18b biblatex localization (PK/MW)
Package biblatex Info: Trying to load language 'german'...
Package biblatex Info: ... file 'german.lbx' found.

(C:\Users\rhubi\AppData\Local\Programs\MiKTeX 2.9\tex/latex/biblatex/lbx\german
.lbx
File: german.lbx 2022/07/12 v3.18b biblatex localization (PK/MW)
)
Package biblatex Info: Trying to load language 'german'...
Package biblatex Info: ... file 'german.lbx' found.

(C:\Users\rhubi\AppData\Local\Programs\MiKTeX 2.9\tex/latex/biblatex/lbx\german
.lbx
File: german.lbx 2022/07/12 v3.18b biblatex localization (PK/MW)
))
Package biblatex Info: Input encoding 'utf8' detected.
Package biblatex Info: Automatic encoding selection.
(biblatex)             Assuming data encoding 'utf8'.
Package biblatex Info: Input encoding 'utf8' detected.
Package biblatex Info: Data encoding 'utf8' specified.
(biblatex)             No need to reencode data.
\openout3 = `Bachelor_Thesis_Robert_Hubinger-blx.bib'.

Package biblatex Info: Trying to load bibliographic data...


Package biblatex Warning: File '"Bachelor Thesis Robert Hubinger".bbl' is wrong
 format version - expected 3.2.

Package biblatex Info: ... file '"Bachelor Thesis Robert Hubinger".bbl' found.
(Bachelor Thesis Robert Hubinger.bbl)
Package biblatex Info: Reference section=0 on input line 21.
Package biblatex Info: Reference segment=0 on input line 21.

(C:\Users\rhubi\AppData\Local\Programs\MiKTeX 2.9\tex/context/base/mkii\supp-pd
f.mkii
[Loading MPS to PDF converter (version 2006.09.02).]
\scratchcounter=\count523
\scratchdimen=\dimen343
\scratchbox=\box91
\nofMPsegments=\count524
\nofMParguments=\count525
\everyMPshowfont=\toks60
\MPscratchCnt=\count526
\MPscratchDim=\dimen344
\MPnumerator=\count527
\makeMPintoPDFobject=\count528
\everyMPtoPDFconversion=\toks61
)
(C:\Users\rhubi\AppData\Local\Programs\MiKTeX 2.9\tex/latex/epstopdf-pkg\epstop
df-base.sty
Package: epstopdf-base 2020-01-24 v2.11 Base part for package epstopdf
Package epstopdf-base Info: Redefining graphics rule for `.eps' on input line 4
85.

(C:\Users\rhubi\AppData\Local\Programs\MiKTeX 2.9\tex/latex/00miktex\epstopdf-s
ys.cfg
File: epstopdf-sys.cfg 2021/03/18 v2.0 Configuration of epstopdf for MiKTeX
))
\c@lstlisting=\count529
Package scrhack Info: undefining \float@addtolists on input line 21.

Package pgfplots notification 'compat/show suggested version=true': document ha
s been generated with the most recent feature set (\pgfplotsset{compat=1.18}).

LaTeX Info: Redefining \microtypecontext on input line 21.
Package microtype Info: Applying patch `item' on input line 21.
Package microtype Info: Applying patch `toc' on input line 21.
Package microtype Info: Applying patch `eqnum' on input line 21.
Package microtype Info: Applying patch `footnote' on input line 21.
Package microtype Info: Generating PDF output.
Package microtype Info: Character protrusion enabled (level 2).
Package microtype Info: Using default protrusion set `alltext'.
Package microtype Info: Automatic font expansion enabled (level 2),
(microtype)             stretch: 20, shrink: 20, step: 1, non-selected.
Package microtype Info: Using default expansion set `alltext-nott'.
LaTeX Info: Redefining \showhyphens on input line 21.
Package microtype Info: No adjustment of tracking.
Package microtype Info: No adjustment of interword spacing.
Package microtype Info: No adjustment of character kerning.

(C:\Users\rhubi\AppData\Local\Programs\MiKTeX 2.9\tex/latex/microtype\mt-ppl.cf
g
File: mt-ppl.cfg 2005/11/16 v1.6 microtype config. file: Palatino (RS)
)
Package caption Info: Begin \AtBeginDocument code.
Package caption Info: subfig package v1.3 is loaded.
Package caption Info: hyperref package is loaded.
Package caption Info: longtable package is loaded.

(C:\Users\rhubi\AppData\Local\Programs\MiKTeX 2.9\tex/latex/caption\ltcaption.s
ty
Package: ltcaption 2021/01/08 v1.4c longtable captions (AR)
)
Package caption Info: supertabular package is loaded.
Package caption Info: threeparttable package is loaded.
Package caption Info: End \AtBeginDocument code.
Package hyperref Info: Link coloring OFF on input line 21.
 (Bachelor Thesis Robert Hubinger.out) (Bachelor Thesis Robert Hubinger.out)
\@outlinefile=\write8
\openout8 = `"Bachelor Thesis Robert Hubinger.out"'.

Class scrbook Info: loading recommended package `bookmark'.
(scrbook)           Using `bookmark' together with `hyperref' is recommended,
(scrbook)           because of handling of possible bookmark level gaps.
(scrbook)           You can avoid loading `bookmark' with KOMA-Script option
(scrbook)           `bookmarkpackage=false' before \begin{document} and
(scrbook)           you can avoid this message adding:
(scrbook)             \usepackage{bookmark}
(scrbook)           before \begin{document} on input line 21.

(C:\Users\rhubi\AppData\Local\Programs\MiKTeX 2.9\tex/latex/bookmark\bookmark.s
ty
Package: bookmark 2020-11-06 v1.29 PDF bookmarks (HO)

(C:\Users\rhubi\AppData\Local\Programs\MiKTeX 2.9\tex/latex/bookmark\bkm-pdftex
.def
File: bkm-pdftex.def 2020-11-06 v1.29 bookmark driver for pdfTeX (HO)
\BKM@id=\count530
))
(C:\Users\rhubi\AppData\Local\Programs\MiKTeX 2.9\tex/latex/translations/dicts\
translations-basic-dictionary-english.trsl
File: translations-basic-dictionary-english.trsl (english translation file `tra
nslations-basic-dictionary')
)
Package translations Info: loading dictionary `translations-basic-dictionary' f
or `english'. on input line 21.

(C:\Users\rhubi\AppData\Local\Programs\MiKTeX 2.9\tex/latex/translations/dicts\
translations-basic-dictionary-german.trsl
File: translations-basic-dictionary-german.trsl (german translation file `trans
lations-basic-dictionary')
)
Package translations Info: loading dictionary `translations-basic-dictionary' f
or `german'. on input line 21.

(C:\Users\rhubi\AppData\Local\Programs\MiKTeX 2.9\tex/latex/pdflscape\pdflscape
.sty
Package: pdflscape 2019/12/05 v0.12 Display of landscape pages in PDF (HO)

(C:\Users\rhubi\AppData\Local\Programs\MiKTeX 2.9\tex/latex/graphics\lscape.sty
Package: lscape 2020/05/28 v3.02 Landscape Pages (DPC)
)
Package scrhack Info: loading lscape hack on input line 77.

(C:\Users\rhubi\AppData\Local\Programs\MiKTeX 2.9\tex/latex/koma-script\lscape.
hak
File: lscape.hak 2022/07/04 v3.37 KOMA-Script scrhack part (hacking package lsc
ape)
Package scrhack Info: \landscape patched to make \textheight change optional on
 input line 90.
\scrh@LT@textheight=\skip121
)
Package pdflscape Info: Auto-detected driver: pdftex on input line 81.
)
Package nag Info: Command \hc@caption not defined, skipping amendment on input 
line 21.
 (pages/cover.tex
<logos/tum.pdf, id=6, 54.02504pt x 28.452pt>
File: logos/tum.pdf Graphic file (type pdf)
<use logos/tum.pdf>
Package pdftex.def Info: logos/tum.pdf  used on input line 16.
(pdftex.def)             Requested size: 108.06296pt x 56.9055pt.
<logos/faculty.png, id=7, 339.51843pt x 339.51843pt>
File: logos/faculty.png Graphic file (type png)
<use logos/faculty.png>
Package pdftex.def Info: logos/faculty.png  used on input line 40.
(pdftex.def)             Requested size: 56.904pt x 56.9055pt.
 [1

\openout5 = `"Bachelor Thesis Robert Hubinger.xdy"'.



{C:/Users/rhubi/AppData/Local/MiKTeX/2.9/fonts/map/pdftex/pdftex.map} <./logos/
tum.pdf> <./logos/faculty.png>]) (pages/title.tex
File: logos/tum.pdf Graphic file (type pdf)
<use logos/tum.pdf>
Package pdftex.def Info: logos/tum.pdf  used on input line 8.
(pdftex.def)             Requested size: 108.06296pt x 56.9055pt.
LaTeX Font Info:    Trying to load font information for OT1+pplx on input line 
37.

(C:\Users\rhubi\AppData\Local\Programs\MiKTeX 2.9\tex/latex/psnfss\ot1pplx.fd
File: ot1pplx.fd 2004/09/06 font definitions for OT1/pplx.
)
LaTeX Font Info:    Trying to load font information for OML+zplm on input line 
37.

(C:\Users\rhubi\AppData\Local\Programs\MiKTeX 2.9\tex/latex/psnfss\omlzplm.fd
File: omlzplm.fd 2002/09/08 Fontinst v1.914 font definitions for OML/zplm.
)
LaTeX Font Info:    Trying to load font information for OMS+zplm on input line 
37.

(C:\Users\rhubi\AppData\Local\Programs\MiKTeX 2.9\tex/latex/psnfss\omszplm.fd
File: omszplm.fd 2002/09/08 Fontinst v1.914 font definitions for OMS/zplm.
)
LaTeX Font Info:    Trying to load font information for OMX+zplm on input line 
37.

(C:\Users\rhubi\AppData\Local\Programs\MiKTeX 2.9\tex/latex/psnfss\omxzplm.fd
File: omxzplm.fd 2002/09/08 Fontinst v1.914 font definitions for OMX/zplm.
)
LaTeX Font Info:    Trying to load font information for OT1+zplm on input line 
37.

(C:\Users\rhubi\AppData\Local\Programs\MiKTeX 2.9\tex/latex/psnfss\ot1zplm.fd
File: ot1zplm.fd 2002/09/08 Fontinst v1.914 font definitions for OT1/zplm.
)
Package microtype Info: Loading generic protrusion settings for font family
(microtype)             `zplm' (encoding: OT1).
(microtype)             For optimal results, create family-specific settings.
(microtype)             See the microtype manual for details.
LaTeX Font Info:    Font shape `U/msa/m/n' will be
(Font)              scaled to size 11.40997pt on input line 37.

(C:\Users\rhubi\AppData\Local\Programs\MiKTeX 2.9\tex/latex/microtype\mt-msa.cf
g
File: mt-msa.cfg 2006/02/04 v1.1 microtype config. file: AMS symbols (a) (RS)
)
LaTeX Font Info:    Font shape `U/msa/m/n' will be
(Font)              scaled to size 8.33606pt on input line 37.
LaTeX Font Info:    Font shape `U/msa/m/n' will be
(Font)              scaled to size 6.25204pt on input line 37.
LaTeX Font Info:    Font shape `U/msb/m/n' will be
(Font)              scaled to size 11.40997pt on input line 37.

(C:\Users\rhubi\AppData\Local\Programs\MiKTeX 2.9\tex/latex/microtype\mt-msb.cf
g
File: mt-msb.cfg 2005/06/01 v1.0 microtype config. file: AMS symbols (b) (RS)
)
LaTeX Font Info:    Font shape `U/msb/m/n' will be
(Font)              scaled to size 8.33606pt on input line 37.
LaTeX Font Info:    Font shape `U/msb/m/n' will be
(Font)              scaled to size 6.25204pt on input line 37.
File: logos/faculty.png Graphic file (type png)
<use logos/faculty.png>
Package pdftex.def Info: logos/faculty.png  used on input line 47.
(pdftex.def)             Requested size: 56.904pt x 56.9055pt.
 [1



]) (pages/disclaimer.tex [2


]) (pages/acknowledgements.tex [3


])
(pages/abstract.tex
chapter without number
) [4




]
Package tocbasic Info: character protrusion at toc deactivated on input line 37
.
 (Bachelor Thesis Robert Hubinger.toc [5




])
\tf@toc=\write9
\openout9 = `"Bachelor Thesis Robert Hubinger.toc"'.

LaTeX Font Info:    Font shape `T1/pplx/m/sl' in size <10.95> not available
(Font)              Font shape `T1/pplx/m/it' tried instead on input line 40.
 [6]
(chapters/01_introduction.tex
chapter 1.
) (chapters/02_background.tex [1



]
chapter 2.
<figures/laik-layers.png, id=154, 1446.1227pt x 530.4618pt>
File: figures/laik-layers.png Graphic file (type png)
<use figures/laik-layers.png>
Package pdftex.def Info: figures/laik-layers.png  used on input line 20.
(pdftex.def)             Requested size: 336.0982pt x 123.28252pt.
LaTeX Font Info:    Trying to load font information for T1+cmtt on input line 3
0.
(C:\Users\rhubi\AppData\Local\Programs\MiKTeX 2.9\tex/latex/base\t1cmtt.fd
File: t1cmtt.fd 2019/12/16 v2.5j Standard LaTeX font definitions
)
Package microtype Info: Loading generic protrusion settings for font family
(microtype)             `cmtt' (encoding: T1).
(microtype)             For optimal results, create family-specific settings.
(microtype)             See the microtype manual for details.

[2


 <./figures/laik-layers.png>]
(C:\Users\rhubi\AppData\Local\Programs\MiKTeX 2.9\tex/latex/listings\lstlang1.s
ty
File: lstlang1.sty 2020/03/24 1.8d listings language file
)
(C:\Users\rhubi\AppData\Local\Programs\MiKTeX 2.9\tex/latex/listings\lstlang1.s
ty
File: lstlang1.sty 2020/03/24 1.8d listings language file
)
(C:\Users\rhubi\AppData\Local\Programs\MiKTeX 2.9\tex/latex/listings\lstmisc.st
y
File: lstmisc.sty 2020/03/24 1.8d (Carsten Heinz)
)
LaTeX Font Info:    Font shape `T1/cmtt/bx/n' in size <10.95> not available
(Font)              Font shape `T1/cmtt/m/n' tried instead on input line 45.
 [3]
<figures/shared_memory.png, id=190, 1446.1227pt x 646.8165pt>
File: figures/shared_memory.png Graphic file (type png)
<use figures/shared_memory.png>
Package pdftex.def Info: figures/shared_memory.png  used on input line 122.
(pdftex.def)             Requested size: 336.0982pt x 150.32405pt.


LaTeX Warning: `h' float specifier changed to `ht'.

[4] [5 <./figures/shared_memory.png>] [6]) (chapters/03_design.tex [7]
chapter 3.
<figures/initialization.png, id=259, 1446.1227pt x 908.4339pt>
File: figures/initialization.png Graphic file (type png)
<use figures/initialization.png>
Package pdftex.def Info: figures/initialization.png  used on input line 20.
(pdftex.def)             Requested size: 336.0982pt x 211.12553pt.
[8


 <./figures/initialization.png>]
<figures/2copy.png, id=268, 1446.1227pt x 259.4493pt>
File: figures/2copy.png Graphic file (type png)
<use figures/2copy.png>
Package pdftex.def Info: figures/2copy.png  used on input line 58.
(pdftex.def)             Requested size: 448.13095pt x 80.39676pt.
 [9 <./figures/2copy.png>]
<figures/1copy.png, id=276, 1446.1227pt x 244.2726pt>
File: figures/1copy.png Graphic file (type png)
<use figures/1copy.png>
Package pdftex.def Info: figures/1copy.png  used on input line 74.
(pdftex.def)             Requested size: 295.76807pt x 49.96065pt.
 [10 <./figures/1copy.png>]
<figures/clusters.png, id=285, 1448.2908pt x 354.8457pt>
File: figures/clusters.png Graphic file (type png)
<use figures/clusters.png>
Package pdftex.def Info: figures/clusters.png  used on input line 104.
(pdftex.def)             Requested size: 403.31511pt x 98.81465pt.
) (chapters/04_implementation.tex [11 <./figures/clusters.png>]
[12]
chapter 4.
[13


] [14]
<figures/example_application.png, id=313, 1446.1227pt x 505.1673pt>
File: figures/example_application.png Graphic file (type png)
<use figures/example_application.png>
Package pdftex.def Info: figures/example_application.png  used on input line 79
.
(pdftex.def)             Requested size: 295.76807pt x 103.321pt.
 [15 <./figures/example_application.png>] [16])
(chapters/05_performance_analysis.tex [17]
chapter 5.
<figures/throughput.png, id=338, 900.36375pt x 506.6428pt>
File: figures/throughput.png Graphic file (type png)
<use figures/throughput.png>
Package pdftex.def Info: figures/throughput.png  used on input line 43.
(pdftex.def)             Requested size: 336.0982pt x 189.12474pt.
[18


]
<figures/socket.png, id=346, 897.3525pt x 520.19344pt>
File: figures/socket.png Graphic file (type png)
<use figures/socket.png>
Package pdftex.def Info: figures/socket.png  used on input line 67.
(pdftex.def)             Requested size: 313.69029pt x 181.84024pt.


LaTeX Warning: `h' float specifier changed to `ht'.

<figures/numa.png, id=348, 900.36375pt x 521.69907pt>
File: figures/numa.png Graphic file (type png)
<use figures/numa.png>
Package pdftex.def Info: figures/numa.png  used on input line 78.
(pdftex.def)             Requested size: 313.69029pt x 181.76155pt.

LaTeX Warning: `h' float specifier changed to `ht'.

[19 <./figures/throughput.png>]
<figures/2vs1.png, id=362, 796.47563pt x 465.99094pt>
File: figures/2vs1.png Graphic file (type png)
<use figures/2vs1.png>
Package pdftex.def Info: figures/2vs1.png  used on input line 97.
(pdftex.def)             Requested size: 313.69029pt x 183.52756pt.


LaTeX Warning: `h' float specifier changed to `ht'.

) (chapters/06_summary_and_outlook.tex [20 <./figures/socket.png>] [21 <./figur
es/numa.png> <./figures/2vs1.png>]
chapter 6.
) [22


]
Package tocbasic Info: character protrusion at lof deactivated on input line 52
.
 (Bachelor Thesis Robert Hubinger.lof)
\tf@lof=\write10
\openout10 = `"Bachelor Thesis Robert Hubinger.lof"'.

 [23


]
Package tocbasic Info: character protrusion at lot deactivated on input line 53
.

(Bachelor Thesis Robert Hubinger.lot)
\tf@lot=\write11
\openout11 = `"Bachelor Thesis Robert Hubinger.lot"'.


No file "Bachelor Thesis Robert Hubinger".gls.
No file "Bachelor Thesis Robert Hubinger".acr.
[24


]
chapter without number

Overfull \hbox (44.37914pt too wide) in paragraph at lines 56--56
[]\T1/pplx/m/n/10.95 (-20) K. Johri. \T1/pplx/m/it/10.95 (-20) Sys-tem V Shared
 Mem-ory in Linux\T1/pplx/m/n/10.95 (-20) . https://www.softprayog.in/programmi
ng/interprocess-
 []

LaTeX Font Info:    Trying to load font information for TS1+pplx on input line 
56.
(C:\Users\rhubi\AppData\Local\Programs\MiKTeX 2.9\tex/latex/psnfss\ts1pplx.fd
File: ts1pplx.fd 2004/09/06 font definitions for TS1/pplx.
)
Overfull \hbox (212.1666pt too wide) in paragraph at lines 56--56
[]\T1/pplx/m/it/10.95 (-20) Intel\TS1/pplx/m/it/10.95 (-20)  \T1/pplx/m/it/10.
95 (-20) MPI Li-brary De-vel-oper Ref-er-ence for Linux* OS\T1/pplx/m/n/10.95 (
-20) . https://www.intel.com/content/dam/develop/external/us/en/documents/mpi-
 []

No complaints by nag.
[25


] (Bachelor Thesis Robert Hubinger.aux)

LaTeX Warning: There were undefined references.

Package rerunfilecheck Info: File `"Bachelor Thesis Robert Hubinger".out' has n
ot changed.
(rerunfilecheck)             Checksum: D41D8CD98F00B204E9800998ECF8427E;0.

Package biblatex Warning: Please (re)run BibTeX on the file(s):
(biblatex)                "Bachelor Thesis Robert Hubinger"
(biblatex)                and rerun LaTeX afterwards.

Package logreq Info: Writing requests to '"Bachelor Thesis Robert Hubinger".run
.xml'.
\openout1 = `"Bachelor Thesis Robert Hubinger.run.xml"'.

 ) 
Here is how much of TeX's memory you used:
 62740 strings out of 478299
 1423325 string characters out of 2832975
 2353555 words of memory out of 3000000
 79663 multiletter control sequences out of 15000+600000
 518510 words of font info for 298 fonts, out of 8000000 for 9000
 1145 hyphenation exceptions out of 8191
 115i,17n,109p,10630b,3130s stack positions out of 10000i,1000n,20000p,200000b,80000s
{C:/Users/rhubi/AppData/Local/Programs/MiKTeX 2.9/fonts/enc/dvips/cm-super/cm
-super-t1.enc}{C:/Users/rhubi/AppData/Local/Programs/MiKTeX 2.9/fonts/enc/dvips
/base/8r.enc}<C:/Users/rhubi/AppData/Local/Programs/MiKTeX 2.9/fonts/type1/publ
ic/amsfonts/cm/cmsy10.pfb><C:/Users/rhubi/AppData/Local/Programs/MiKTeX 2.9/fon
ts/type1/public/cm-super/sftt1095.pfb><C:/Users/rhubi/AppData/Local/Programs/Mi
KTeX 2.9/fonts/type1/urw/palatino/uplb8a.pfb><C:/Users/rhubi/AppData/Local/Prog
rams/MiKTeX 2.9/fonts/type1/urw/palatino/uplr8a.pfb><C:/Users/rhubi/AppData/Loc
al/Programs/MiKTeX 2.9/fonts/type1/urw/palatino/uplri8a.pfb>
Output written on "Bachelor Thesis Robert Hubinger.pdf" (32 pages, 780143 bytes
).
PDF statistics:
 590 PDF objects out of 1000 (max. 8388607)
 137 named destinations out of 1000 (max. 500000)
 74126 words of extra memory for PDF output out of 74296 (max. 10000000)

